<?xml version="1.0" encoding="UTF-8"?><TestSessionContainer xmlns="http://www.codecover.org/xml/testsession-container" Date="1677700782277" TestSessionContainerId="f8a4e67d-693c-42ec-90b5-0a2c2e2ab5b2" version="1.0">
    <SrcFileList>
        <SrcFile Content="package org.jfree.data.test;&#13;&#10;&#13;&#10;import static org.junit.Assert.assertEquals;&#13;&#10;import static org.junit.Assert.assertTrue;&#13;&#10;&#13;&#10;import java.security.InvalidParameterException;&#13;&#10;import java.util.ArrayList;&#13;&#10;import java.util.Arrays;&#13;&#10;import java.util.List;&#13;&#10;&#13;&#10;import org.jfree.data.DataUtilities;&#13;&#10;import org.jfree.data.KeyedValues;&#13;&#10;import org.jfree.data.Values2D;&#13;&#10;import org.jmock.Expectations;&#13;&#10;import org.jmock.Mockery;&#13;&#10;import org.junit.After;&#13;&#10;import org.junit.AfterClass;&#13;&#10;import org.junit.Before;&#13;&#10;import org.junit.BeforeClass;&#13;&#10;import org.junit.Test;&#13;&#10;&#13;&#10;public class DataUtilitiesTest extends DataUtilities {&#13;&#10;&#9;Mockery mockingContext;&#13;&#10;&#9;Values2D values;&#13;&#10;&#9;&#13;&#10;&#9;@BeforeClass&#13;&#10;&#9;public static void setUpBeforeClass() throws Exception {&#13;&#10;&#9;}&#13;&#10;&#13;&#10;&#9;@Before&#13;&#10;&#9;public void setUp() throws Exception {&#13;&#10;&#9;&#9;mockingContext  = new Mockery();&#13;&#10;&#9;&#9;final Values2D values = mockingContext.mock(Values2D.class);&#13;&#10;&#9;&#9;mockingContext.checking(new Expectations() {&#13;&#10;&#9;&#9;    {&#13;&#10;&#9;&#9;         one(values).getRowCount();&#13;&#10;&#9;&#9;         will(returnValue(2));&#13;&#10;&#9;&#9;         one(values).getValue(0, 0);&#13;&#10;&#9;&#9;         will(returnValue(7.5));&#13;&#10;&#9;&#9;         one(values).getValue(1, 0);&#13;&#10;&#9;&#9;         will(returnValue(2.5));&#13;&#10;&#9;&#9;    }&#13;&#10;&#9;&#9;});&#13;&#10;&#9;}&#13;&#10;&#9;&#13;&#10;&#9;&#13;&#10;&#9;// Testing method calculateColumnTotal(Values2D data, int column)&#13;&#10;&#9;&#13;&#10;&#9;@Test&#13;&#10;&#9;public void calculateColumnTotalForTwoValues() {&#13;&#10;&#9;&#9;// setup&#13;&#10;&#9;&#9;// test&#13;&#10;&#9;&#9;double result = DataUtilities.calculateColumnTotal(values,0);&#13;&#10;&#9;&#9;assertEquals(&quot;CalculateColumnTotal should return 10 but instead returned&quot; + result, 10.0, result, .000000001d);&#13;&#10;&#9;}&#13;&#10;&#9;&#13;&#10;&#9;@Test //(expected = NullPointerException.class) // it says that invalid input returns 0&#13;&#10;&#9;public void calculateColumnTotalForInvalidColumn() {&#13;&#10;&#9;&#9;// setup&#13;&#10;&#9;&#9;mockingContext.checking(new Expectations() {&#13;&#10;&#9;&#9;    {&#13;&#10;&#9;&#9;         one(values).getRowCount();&#13;&#10;&#9;&#9;         will(returnValue(2));&#13;&#10;//&#9;&#9;         one(values).getValue(0, 5);&#13;&#10;//&#9;&#9;         will(throwException(new IndexOutOfBoundsException(&quot;outta bounds bozo&quot;)));&#13;&#10;&#9;&#9;         one(values).getValue(0, 5);&#13;&#10;&#9;&#9;    &#9;will(returnValue(0));&#13;&#10;&#9;&#9;    &#9;one(values).getValue(1, 5);&#13;&#10;&#9;&#9;    &#9;will(returnValue(0));&#13;&#10;&#9;&#9;    }&#13;&#10;&#9;&#9;});&#13;&#10;&#9;&#9;// test&#13;&#10;&#9;&#9;double result = DataUtilities.calculateColumnTotal(values,5);&#13;&#10;&#9;&#9;assertEquals(&quot;CalculateColumnTotal with invalid column should return 0 but instead returned&quot; + result, 0, result, .000000001d);&#13;&#10;&#9;}&#13;&#10;&#9;&#13;&#10;&#9;@Test &#13;&#10;&#9;public void calculateColumnTotalForNegativeColumn() {&#13;&#10;&#9;&#9;// setup&#13;&#10;&#9;&#9;mockingContext.checking(new Expectations() {&#13;&#10;&#9;&#9;    {&#13;&#10;&#9;&#9;         one(values).getRowCount();&#13;&#10;&#9;&#9;         will(returnValue(2));&#13;&#10;//&#9;&#9;         one(values).getValue(0, -1);&#13;&#10;//&#9;&#9;         will(throwException(new IndexOutOfBoundsException(&quot;outta bounds bozo&quot;)));&#13;&#10;&#9;&#9;         one(values).getValue(0, -1);&#13;&#10;&#9;&#9;    &#9;will(returnValue(0));&#13;&#10;&#9;&#9;    &#9;one(values).getValue(1, -1);&#13;&#10;&#9;&#9;    &#9;will(returnValue(0));&#13;&#10;&#9;&#9;    }&#13;&#10;&#9;&#9;});&#13;&#10;&#9;&#9;// test&#13;&#10;&#9;&#9;double result = DataUtilities.calculateColumnTotal(values,-1);&#13;&#10;&#9;&#9;assertEquals(&quot;CalculateColumnTotal with negative column should return 0 but instead returned&quot; + result, 0, result, .000000001d);&#13;&#10;&#9;}&#13;&#10;&#9;&#13;&#10;&#9;@Test (expected = InvalidParameterException.class)&#13;&#10;&#9;public void calculateColumnTotalForNullTable() throws Exception{&#13;&#10;&#9;&#9;DataUtilities.calculateColumnTotal(null,0);&#13;&#10;&#9;}&#13;&#10;&#9;&#13;&#10;&#9;&#13;&#10;&#9;// Testing method calculateRowTotal(Values2D data, int row)&#13;&#10;&#9;&#13;&#10;&#9;@Test&#13;&#10;&#9;public void calculateRowTotalForTwoValues() {&#13;&#10;&#9;&#9;// setup&#13;&#10;&#9;&#9;mockingContext.checking(new Expectations() {&#13;&#10;&#9;&#9;    {&#13;&#10;&#9;&#9;         one(values).getColumnCount();&#13;&#10;&#9;&#9;         will(returnValue(2));&#13;&#10;&#9;&#9;         one(values).getValue(0, 0);&#13;&#10;&#9;&#9;         will(returnValue(7.5));&#13;&#10;&#9;&#9;         one(values).getValue(0, 1);&#13;&#10;&#9;&#9;         will(returnValue(1.0));&#13;&#10;&#9;&#9;    }&#13;&#10;&#9;&#9;});&#13;&#10;&#9;&#9;// test&#13;&#10;&#9;&#9;double result = DataUtilities.calculateRowTotal(values,0);&#13;&#10;&#9;&#9;assertEquals(&quot;CalculateColumnTotal should return 8.5 but instead returned &quot; + result, 8.5, result, .000000001d);&#13;&#10;&#9;}&#13;&#10;&#9;&#13;&#10;&#9;@Test // (expected = NullPointerException.class)&#13;&#10;&#9;public void calculateRowTotalForInvalidRow() {&#13;&#10;&#9;&#9;// setup&#13;&#10;&#9;&#9;mockingContext.checking(new Expectations() {&#13;&#10;&#9;&#9;    {&#13;&#10;&#9;&#9;    &#9;one(values).getColumnCount();&#13;&#10;&#9;&#9;    &#9;will(returnValue(2));&#13;&#10;&#9;&#9;    &#9;one(values).getValue(5, 0);&#13;&#10;&#9;&#9;    &#9;will(returnValue(0));&#13;&#10;&#9;&#9;    &#9;one(values).getValue(5, 1);&#13;&#10;&#9;&#9;    &#9;will(returnValue(0));&#13;&#10;&#9;&#9;    }&#13;&#10;&#9;&#9;});&#13;&#10;&#9;&#9;// test&#13;&#10;&#9;&#9;double result = DataUtilities.calculateRowTotal(values,5);&#13;&#10;&#9;&#9;assertEquals(&quot;CalculateColumnTotal with invalid row should return 0 but instead returned &quot; + result, 0, result, .000000001d);&#13;&#10;&#9;}&#13;&#10;&#9;&#13;&#10;&#9;@Test // (expected = NullPointerException.class)&#13;&#10;&#9;public void calculateRowTotalForNegativeRow() {&#13;&#10;&#9;&#9;// setup&#13;&#10;&#9;&#9;mockingContext.checking(new Expectations() {&#13;&#10;&#9;&#9;    {&#13;&#10;&#9;&#9;    &#9;one(values).getColumnCount();&#13;&#10;&#9;&#9;    &#9;will(returnValue(2));&#13;&#10;&#9;&#9;    &#9;one(values).getValue(-1, 0);&#13;&#10;&#9;&#9;    &#9;will(returnValue(0));&#13;&#10;&#9;&#9;    &#9;one(values).getValue(-1, 1);&#13;&#10;&#9;&#9;    &#9;will(returnValue(0));&#13;&#10;&#9;&#9;    }&#13;&#10;&#9;&#9;});&#13;&#10;&#9;&#9;// test&#13;&#10;&#9;&#9;double result = DataUtilities.calculateRowTotal(values,-1);&#13;&#10;&#9;&#9;assertEquals(&quot;CalculateColumnTotal with negative row should return 0 but instead returned &quot; + result, 0, result, .000000001d);&#13;&#10;&#9;}&#13;&#10;&#9;&#13;&#10;&#9;@Test (expected = InvalidParameterException.class)&#13;&#10;&#9;public void calculateRowTotalForNullTable() throws Exception{&#13;&#10;&#9;&#9;DataUtilities.calculateRowTotal(null,0);&#13;&#10;&#9;}&#13;&#10;&#9;&#13;&#10;&#9;&#13;&#10;&#9;// Testing method createNumberArray(double[] data)&#13;&#10;&#9;// createNumberArray() function makes the last value null. good thing we tested!&#13;&#10;&#9;@Test&#13;&#10;&#9;public void createNumberArray() &#13;&#10;&#9;{&#13;&#10;&#9;&#9;double[] val = new double[] {60.0, -40.0, 20.0, -10.0};&#13;&#10;&#9;&#9;Number[] actual = DataUtilities.createNumberArray(val);&#13;&#10;&#9;&#9;//System.out.println(Arrays.toString(actual));&#13;&#10;&#9;&#9;for(int i = 0; i &lt; 4; i++)&#13;&#10;&#9;&#9;&#9;assertTrue(&quot;Values of array are &quot;+Arrays.toString(actual)+&quot;, expected [60.0, 40.0, 20.0, -10.0]&quot;, actual[i].doubleValue() == val[i]);&#13;&#10;&#9;}&#13;&#10;&#9;&#13;&#10;&#9;@Test (expected = InvalidParameterException.class)&#13;&#10;&#9;public void nullNumberArrayThrowsException() &#13;&#10;&#9;{&#13;&#10;&#9;&#9;Number[] actual = DataUtilities.createNumberArray(null);&#13;&#10;&#9;}&#13;&#10;&#9;&#13;&#10;&#9;@Test&#13;&#10;&#9;public void createEmptyNumberArray() &#13;&#10;&#9;{&#13;&#10;&#9;&#9;double[] val = new double[] {};&#13;&#10;&#9;&#9;Number[] actual = DataUtilities.createNumberArray(val);&#13;&#10;&#9;&#9;&#13;&#10;&#9;&#9;assertTrue(&quot;Values of array are &quot;+Arrays.toString(actual)+&quot;, expected []&quot;, actual.length == 0);&#13;&#10;&#9;}&#13;&#10;&#13;&#10;&#9;&#13;&#10;&#9;&#13;&#10;&#9;// Testing method createNumberArray2D(double[][] data)&#13;&#10;&#9;&#13;&#10;&#9;@Test&#13;&#10;&#9;public void createNumberArray2D()&#13;&#10;&#9;{&#13;&#10;&#9;&#9;double[][] val = new double[][] {{42.0, 42.0}, {42.0, 42.0}};&#13;&#10;&#9;&#9;Number[][] actual = DataUtilities.createNumberArray2D(val);&#13;&#10;&#9;&#9;&#13;&#10;&#9;&#9;//for(int i = 0; i &lt; val.length; i++)&#13;&#10;&#9;&#9;//&#9;System.out.println(Arrays.toString(actual[i]));&#13;&#10;&#9;&#13;&#10;&#9;&#9;for(int i = 0; i &lt; val.length; i++) {&#13;&#10;&#9;&#9;&#9;for(int j = 0; j &lt; val[i].length; j++) {&#13;&#10;&#9;&#9;&#9;&#9;assertTrue(&quot;Values of array are &quot;+Arrays.toString(actual)+&quot;, expected [[42.0, 42.0], [42.0, 42.0]]&quot;, actual[i][j].doubleValue() == val[i][j]);&#13;&#10;&#9;&#9;&#9;}&#13;&#10;&#9;&#9;}&#13;&#10;&#9;}&#13;&#10;&#9;&#13;&#10;&#9;@Test (expected = InvalidParameterException.class)&#13;&#10;&#9;public void null2DNumberArrayThrowsException() &#13;&#10;&#9;{&#13;&#10;&#9;&#9;Number[][] actual = DataUtilities.createNumberArray2D(null);&#13;&#10;&#9;}&#13;&#10;&#9;&#13;&#10;&#9;@Test&#13;&#10;&#9;public void createEmptySecondDimensionNumberArray2D() &#13;&#10;&#9;{&#13;&#10;&#9;&#9;double[][] val = new double[1][];&#13;&#10;&#9;&#9;Number[][] actual = DataUtilities.createNumberArray2D(val);&#13;&#10;&#9;&#9;&#13;&#10;&#9;&#9;assertTrue(&quot;Values of array are &quot;+Arrays.toString(actual)+&quot;, expected []&quot;, val.length == 1 &amp;&amp; val[0].length == 0);&#13;&#10;&#9;}&#13;&#10;&#9;&#13;&#10;&#9;@Test&#13;&#10;&#9;public void createEmptyNumberArray2D() &#13;&#10;&#9;{&#13;&#10;&#9;&#9;double[][] val = new double[1][1];&#13;&#10;&#9;&#9;Number[][] actual = DataUtilities.createNumberArray2D(val);&#13;&#10;&#9;&#9;&#13;&#10;&#9;&#9;assertTrue(&quot;Values of array are &quot;+Arrays.toString(actual)+&quot;, expected [[]]&quot;, val.length == 1 &amp;&amp; val[0].length == 1);&#13;&#10;&#9;}&#13;&#10;&#13;&#10;&#9;&#13;&#10;&#9;&#13;&#10;&#9;// Testing method getCumulativePercentages(KeyedValues data)&#13;&#10;&#9;// NOTE: key != index as stated by documentation - 2 separate things!&#13;&#10;&#9;// getValue uses a key, getKey uses an index&#13;&#10;&#9;@Test&#13;&#10;&#9;public void ZeroKey_GetCumulativePercentages() {&#13;&#10;&#9;&#9;Mockery mocking  = new Mockery();&#13;&#10;&#9;&#9;KeyedValues kvValues = mocking.mock(KeyedValues.class);&#13;&#10;&#9;&#9;&#13;&#10;&#9;&#9;//set up mocking&#13;&#10;&#9;&#9;mocking.checking(new Expectations() {&#13;&#10;&#9;&#9;    {&#13;&#10;&#9;&#9;    &#9;//i had to go digging through jmock documentation for this one :(&#13;&#10;&#9;&#9;    &#9;//item count = 3&#13;&#10;&#9;&#9;    &#9;allowing(kvValues).getItemCount();&#13;&#10;&#9;&#9;    &#9;will(returnValue(3));&#13;&#10;&#9;&#9;    &#9;//keys = 0, 1, 2&#13;&#10;&#9;&#9;    &#9;allowing(kvValues).getKey(0);&#13;&#10;&#9;&#9;    &#9;will(returnValue(0));&#13;&#10;&#9;&#9;    &#9;allowing(kvValues).getKey(1);&#13;&#10;&#9;&#9;    &#9;will(returnValue(1));&#13;&#10;&#9;&#9;    &#9;allowing(kvValues).getKey(2);&#13;&#10;&#9;&#9;    &#9;will(returnValue(2));&#13;&#10;&#9;&#9;    &#9;//values = 5, 9, 2&#13;&#10;&#9;&#9;    &#9;allowing(kvValues).getValue(0);&#13;&#10;&#9;&#9;    &#9;will(returnValue(5));&#13;&#10;&#9;&#9;    &#9;allowing(kvValues).getValue(1);&#13;&#10;&#9;&#9;    &#9;will(returnValue(9));&#13;&#10;&#9;&#9;    &#9;allowing(kvValues).getValue(2);&#13;&#10;&#9;&#9;    &#9;will(returnValue(2));&#13;&#10;&#9;&#9;    }&#13;&#10;&#9;&#9;});&#13;&#10;&#9;&#9;&#13;&#10;&#9;&#9;// test&#13;&#10;&#9;&#9;KeyedValues func = DataUtilities.getCumulativePercentages(kvValues);&#13;&#10;&#9;&#9;double[] results = {&#13;&#10;&#9;&#9;&#9;&#9;func.getValue(0).doubleValue(),&#13;&#10;&#9;&#9;&#9;&#9;func.getValue(1).doubleValue(),&#13;&#10;&#9;&#9;&#9;&#9;func.getValue(2).doubleValue()&#13;&#10;&#9;&#9;};&#13;&#10;&#9;&#9;double[] expected = {0.3125, 0.875, 1.0};&#13;&#10;&#9;&#9;&#13;&#10;&#9;&#9;assertTrue(&quot;results should equal expected.\nresults: &quot;+Arrays.toString(results)+&quot;\nexpected: &quot;+Arrays.toString(expected), expected.equals(results));&#13;&#10;&#9;}&#13;&#10;&#9;&#13;&#10;&#9;@Test&#13;&#10;&#9;public void StringKeys_GetCumulativePercentages() {&#13;&#10;&#9;&#9;Mockery mocking  = new Mockery();&#13;&#10;&#9;&#9;KeyedValues kvValues = mocking.mock(KeyedValues.class);&#13;&#10;&#9;&#9;&#13;&#10;&#9;&#9;//set up mocking&#13;&#10;&#9;&#9;mocking.checking(new Expectations() {&#13;&#10;&#9;&#9;    {&#13;&#10;&#9;&#9;    &#9;//i had to go digging through jmock documentation for this one :(&#13;&#10;&#9;&#9;    &#9;//item count = 3&#13;&#10;&#9;&#9;    &#9;allowing(kvValues).getItemCount();&#13;&#10;&#9;&#9;    &#9;will(returnValue(3));&#13;&#10;&#9;&#9;    &#9;//keys = 0, 1, 2&#13;&#10;&#9;&#9;    &#9;allowing(kvValues).getKey(0);&#13;&#10;&#9;&#9;    &#9;will(returnValue(&quot;key1&quot;));&#13;&#10;&#9;&#9;    &#9;allowing(kvValues).getKey(1);&#13;&#10;&#9;&#9;    &#9;will(returnValue(&quot;key2&quot;));&#13;&#10;&#9;&#9;    &#9;allowing(kvValues).getKey(2);&#13;&#10;&#9;&#9;    &#9;will(returnValue(&quot;key3&quot;));&#13;&#10;&#9;&#9;    &#9;//values = 5, 9, 2&#13;&#10;&#9;&#9;    &#9;allowing(kvValues).getValue(&quot;key1&quot;);&#13;&#10;&#9;&#9;    &#9;will(returnValue(5));&#13;&#10;&#9;&#9;    &#9;allowing(kvValues).getValue(&quot;key2&quot;);&#13;&#10;&#9;&#9;    &#9;will(returnValue(9));&#13;&#10;&#9;&#9;    &#9;allowing(kvValues).getValue(&quot;key3&quot;);&#13;&#10;&#9;&#9;    &#9;will(returnValue(2));&#13;&#10;&#9;&#9;    &#9;//code doesnt properly check for keys lol&#13;&#10;&#9;&#9;    &#9;allowing(kvValues).getValue(0);&#13;&#10;&#9;&#9;    &#9;will(returnValue(null));&#13;&#10;&#9;&#9;    &#9;allowing(kvValues).getValue(1);&#13;&#10;&#9;&#9;    &#9;will(returnValue(null));&#13;&#10;&#9;&#9;    &#9;allowing(kvValues).getValue(2);&#13;&#10;&#9;&#9;    &#9;will(returnValue(null));&#13;&#10;&#9;&#9;    &#9;&#13;&#10;&#9;&#9;    }&#13;&#10;&#9;&#9;});&#13;&#10;&#9;&#9;&#13;&#10;&#9;&#9;// test&#13;&#10;&#9;&#9;KeyedValues func = DataUtilities.getCumulativePercentages(kvValues);&#13;&#10;&#9;&#9;double[] results = {&#13;&#10;&#9;&#9;&#9;&#9;func.getValue(0).doubleValue(),&#13;&#10;&#9;&#9;&#9;&#9;func.getValue(1).doubleValue(),&#13;&#10;&#9;&#9;&#9;&#9;func.getValue(2).doubleValue()&#13;&#10;&#9;&#9;};&#13;&#10;&#9;&#9;double[] expected = {0.3125, 0.875, 1.0};&#13;&#10;&#9;&#9;&#13;&#10;&#9;&#9;assertTrue(&quot;results should equal expected.\nresults: &quot;+Arrays.toString(results)+&quot;\nexpected: &quot;+Arrays.toString(expected), expected.equals(results));&#13;&#10;&#9;}&#13;&#10;&#9;&#13;&#10;&#9;@Test&#13;&#10;&#9;public void NoZeroKey_GetCumulativePercentages() {&#13;&#10;&#9;&#9;Mockery mocking  = new Mockery();&#13;&#10;&#9;&#9;KeyedValues kvValues = mocking.mock(KeyedValues.class);&#13;&#10;&#9;&#9;&#13;&#10;&#9;&#9;//set up mocking&#13;&#10;&#9;&#9;mocking.checking(new Expectations() {&#13;&#10;&#9;&#9;    {&#13;&#10;&#9;&#9;    &#9;//i had to go digging through jmock documentation for this one :(&#13;&#10;&#9;&#9;    &#9;//item count = 3&#13;&#10;&#9;&#9;    &#9;allowing(kvValues).getItemCount();&#13;&#10;&#9;&#9;    &#9;will(returnValue(2));&#13;&#10;&#9;&#9;    &#9;//keys = 0, 1, 2&#13;&#10;&#9;&#9;    &#9;allowing(kvValues).getKey(0);&#13;&#10;&#9;&#9;    &#9;will(returnValue(-4));&#13;&#10;&#9;&#9;    &#9;allowing(kvValues).getKey(1);&#13;&#10;&#9;&#9;    &#9;will(returnValue(128));&#13;&#10;&#9;&#9;    &#9;//values = 5, 9, 2&#13;&#10;&#9;&#9;    &#9;allowing(kvValues).getValue(-4);&#13;&#10;&#9;&#9;    &#9;will(returnValue(5));&#13;&#10;&#9;&#9;    &#9;allowing(kvValues).getValue(128);&#13;&#10;&#9;&#9;    &#9;will(returnValue(9));&#13;&#10;&#9;&#9;    &#9;//code doesnt properly check for keys lol&#13;&#10;&#9;&#9;    &#9;allowing(kvValues).getValue(0);&#13;&#10;&#9;&#9;    &#9;will(returnValue(null));&#13;&#10;&#9;&#9;    &#9;allowing(kvValues).getValue(1);&#13;&#10;&#9;&#9;    &#9;will(returnValue(null));&#13;&#10;&#9;&#9;    &#9;&#13;&#10;&#9;&#9;    }&#13;&#10;&#9;&#9;});&#13;&#10;&#9;&#9;&#13;&#10;&#9;&#9;// test&#13;&#10;&#9;&#9;KeyedValues func = DataUtilities.getCumulativePercentages(kvValues);&#13;&#10;&#9;&#9;double[] results = {&#13;&#10;&#9;&#9;&#9;&#9;func.getValue(0).doubleValue(),&#13;&#10;&#9;&#9;&#9;&#9;func.getValue(1).doubleValue(),&#13;&#10;&#9;&#9;};&#13;&#10;&#9;&#9;double[] expected = {5/14, 1.0};&#13;&#10;&#9;&#9;&#13;&#10;&#9;&#9;assertTrue(&quot;results should equal expected.\nresults: &quot;+Arrays.toString(results)+&quot;\nexpected: &quot;+Arrays.toString(expected), expected.equals(results));&#13;&#10;&#9;}&#13;&#10;&#9;&#13;&#10;&#9;@Test&#13;&#10;&#9;public void SizeFive_GetCumulativePercentages() {&#13;&#10;&#9;&#9;Mockery mocking  = new Mockery();&#13;&#10;&#9;&#9;KeyedValues kvValues = mocking.mock(KeyedValues.class);&#13;&#10;&#9;&#9;&#13;&#10;&#9;&#9;//set up mocking&#13;&#10;&#9;&#9;mocking.checking(new Expectations() {&#13;&#10;&#9;&#9;    {&#13;&#10;&#9;&#9;    &#9;//i had to go digging through jmock documentation for this one :(&#13;&#10;&#9;&#9;    &#9;//item count = 3&#13;&#10;&#9;&#9;    &#9;allowing(kvValues).getItemCount();&#13;&#10;&#9;&#9;    &#9;will(returnValue(5));&#13;&#10;&#9;&#9;    &#9;//keys = 0, 1, 2&#13;&#10;&#9;&#9;    &#9;allowing(kvValues).getKey(0);&#13;&#10;&#9;&#9;    &#9;will(returnValue(1));&#13;&#10;&#9;&#9;    &#9;allowing(kvValues).getKey(1);&#13;&#10;&#9;&#9;    &#9;will(returnValue(2));&#13;&#10;&#9;&#9;    &#9;allowing(kvValues).getKey(2);&#13;&#10;&#9;&#9;    &#9;will(returnValue(3));&#13;&#10;&#9;&#9;    &#9;allowing(kvValues).getKey(3);&#13;&#10;&#9;&#9;    &#9;will(returnValue(4));&#13;&#10;&#9;&#9;    &#9;allowing(kvValues).getKey(4);&#13;&#10;&#9;&#9;    &#9;will(returnValue(5));&#13;&#10;&#9;&#9;    &#9;//values = 5, 9, 2&#13;&#10;&#9;&#9;    &#9;allowing(kvValues).getValue(1);&#13;&#10;&#9;&#9;    &#9;will(returnValue(5));&#13;&#10;&#9;&#9;    &#9;allowing(kvValues).getValue(2);&#13;&#10;&#9;&#9;    &#9;will(returnValue(9));&#13;&#10;&#9;&#9;    &#9;allowing(kvValues).getValue(3);&#13;&#10;&#9;&#9;    &#9;will(returnValue(2));&#13;&#10;&#9;&#9;    &#9;allowing(kvValues).getValue(4);&#13;&#10;&#9;&#9;    &#9;will(returnValue(0));&#13;&#10;&#9;&#9;    &#9;allowing(kvValues).getValue(5);&#13;&#10;&#9;&#9;    &#9;will(returnValue(0));&#13;&#10;&#9;&#9;    &#9;allowing(kvValues).getValue(0);&#13;&#10;&#9;&#9;    &#9;will(returnValue(null));&#13;&#10;&#9;&#9;    }&#13;&#10;&#9;&#9;});&#13;&#10;&#9;&#9;&#13;&#10;&#9;&#9;// test&#13;&#10;&#9;&#9;KeyedValues func = DataUtilities.getCumulativePercentages(kvValues);&#13;&#10;&#9;&#9;double[] results = {&#13;&#10;&#9;&#9;&#9;&#9;func.getValue(0).doubleValue(),&#13;&#10;&#9;&#9;&#9;&#9;func.getValue(1).doubleValue(),&#13;&#10;&#9;&#9;&#9;&#9;func.getValue(2).doubleValue(),&#13;&#10;&#9;&#9;&#9;&#9;func.getValue(3).doubleValue(),&#13;&#10;&#9;&#9;&#9;&#9;func.getValue(4).doubleValue()&#13;&#10;&#9;&#9;};&#13;&#10;&#9;&#9;double[] expected = {0.3125, 0.875, 1.0, 1.0, 1.0};&#13;&#10;&#9;&#9;&#13;&#10;&#9;&#9;assertTrue(&quot;results should equal expected.\nresults: &quot;+Arrays.toString(results)+&quot;\nexpected: &quot;+Arrays.toString(expected), expected.equals(results));&#13;&#10;&#9;}&#13;&#10;&#9;&#13;&#10;&#9;@Test&#13;&#10;&#9;public void SizeTwoZeroKey_GetCumulativePercentages() {&#13;&#10;&#9;&#9;Mockery mocking  = new Mockery();&#13;&#10;&#9;&#9;KeyedValues kvValues = mocking.mock(KeyedValues.class);&#13;&#10;&#9;&#9;&#13;&#10;&#9;&#9;//our list of 3 keys&#13;&#10;&#9;&#9;List&lt;Integer&gt; keys = new ArrayList&lt;Integer&gt;();&#13;&#10;&#9;&#9;for(int i = 0; i &lt; 3; i++) keys.add(i);&#13;&#10;&#9;&#9;&#13;&#10;&#9;&#9;//set up mocking&#13;&#10;&#9;&#9;mocking.checking(new Expectations() {&#13;&#10;&#9;&#9;    {&#13;&#10;&#9;&#9;    &#9;//i had to go digging through jmock documentation for this one :(&#13;&#10;&#9;&#9;    &#9;//item count = 2&#13;&#10;&#9;&#9;    &#9;allowing(kvValues).getItemCount();&#13;&#10;&#9;&#9;    &#9;will(returnValue(2));&#13;&#10;&#9;&#9;    &#9;//keys = 0, 1&#13;&#10;&#9;&#9;    &#9;allowing(kvValues).getKey(0);&#13;&#10;&#9;&#9;    &#9;will(returnValue(0));&#13;&#10;&#9;&#9;    &#9;allowing(kvValues).getKey(1);&#13;&#10;&#9;&#9;    &#9;will(returnValue(1));&#13;&#10;&#9;&#9;    &#9;//values = 5, 5&#13;&#10;&#9;&#9;    &#9;allowing(kvValues).getValue(0);&#13;&#10;&#9;&#9;    &#9;will(returnValue(5));&#13;&#10;&#9;&#9;    &#9;allowing(kvValues).getValue(1);&#13;&#10;&#9;&#9;    &#9;will(returnValue(5));&#13;&#10;&#9;&#9;    }&#13;&#10;&#9;&#9;});&#13;&#10;&#9;&#9;&#13;&#10;&#9;&#9;// test&#13;&#10;&#9;&#9;KeyedValues func = DataUtilities.getCumulativePercentages(kvValues);&#13;&#10;&#9;&#9;double[] results = {&#13;&#10;&#9;&#9;&#9;&#9;func.getValue(0).doubleValue(),&#13;&#10;&#9;&#9;&#9;&#9;func.getValue(1).doubleValue(),&#13;&#10;&#9;&#9;};&#13;&#10;&#9;&#9;double[] expected = {0.5, 1.0};&#13;&#10;&#9;&#9;&#13;&#10;&#9;&#9;assertTrue(&quot;results should equal expected.\nresults: &quot;+Arrays.toString(results)+&quot;\nexpected: &quot;+Arrays.toString(expected), expected.equals(results));&#13;&#10;&#9;}&#13;&#10;&#9;&#13;&#10;&#9;@Test (expected = InvalidParameterException.class)&#13;&#10;&#9;public void NullThrowsException_GetCumulativePercentages() {&#13;&#10;&#9;&#9;KeyedValues func = DataUtilities.getCumulativePercentages(null);&#13;&#10;&#9;}&#13;&#10;&#9;&#13;&#10;&#9;@After&#13;&#10;&#9;public void tearDown() throws Exception {&#13;&#10;&#9;}&#13;&#10;&#13;&#10;&#13;&#10;&#9;@AfterClass&#13;&#10;&#9;public static void tearDownAfterClass() throws Exception {&#13;&#10;&#9;}&#13;&#10;}&#13;&#10;" Filename="DataUtilitiesTest.java" Intrnl_Id="1"/>
        <SrcFile Content="package org.jfree.data;&#13;&#10;&#13;&#10;import static org.junit.Assert.assertEquals;&#13;&#10;import static org.junit.Assert.assertFalse;&#13;&#10;import static org.junit.Assert.assertNull;&#13;&#10;import static org.junit.Assert.assertTrue;&#13;&#10;&#13;&#10;import java.security.InvalidParameterException;&#13;&#10;&#13;&#10;import org.jfree.data.Range;&#13;&#10;import org.junit.After;&#13;&#10;import org.junit.AfterClass;&#13;&#10;import org.junit.Before;&#13;&#10;import org.junit.BeforeClass;&#13;&#10;import org.junit.Test;&#13;&#10;&#13;&#10;public class RangeTest {&#13;&#10;&#9;private Range range1;&#13;&#10;&#9;private Range range2;&#13;&#10;&#9;private Range range3;&#13;&#10;&#9;&#13;&#10;&#9;@BeforeClass public static void setUpBeforeClass() throws Exception {&#13;&#10;&#9;}&#13;&#10;&#9;&#13;&#10;&#9;@Before&#13;&#10;&#9;public void setup() throws Exception {&#13;&#10;&#9;&#9;range1 = new Range(-1,1);&#13;&#10;&#9;&#9;range2 = new Range(-10,0);&#13;&#10;&#9;&#9;range3 = new Range(1,10);&#13;&#10;&#9;}&#9;&#13;&#10;&#13;&#10;&#9; &#13;&#10;&#9;// Testing method combine(Range range1, Range range2)&#13;&#10;&#9;@Test&#13;&#10;    public void CombineOverlappingRanges() throws Exception{&#13;&#10;&#9;&#9;Range r1 = new Range(0, 5);&#13;&#10;&#9;&#9;Range r2 = new Range(3, 10);&#13;&#10;&#9;&#9;Range result = Range.combine(r1, r2);&#13;&#10;&#9;&#9;Range expected = new Range(0, 10);&#13;&#10;    &#9;assertEquals(&quot;The combined range should be 0, 10&quot;, result, expected);&#13;&#10;    }&#13;&#10;&#9;&#13;&#10;&#9;// Testing method combine(Range range1, Range range2)&#13;&#10;&#9;@Test&#13;&#10;    public void CombineSubsetRanges() throws Exception{&#13;&#10;&#9;&#9;Range r1 = new Range(0, 5);&#13;&#10;&#9;&#9;Range r2 = new Range(1, 2);&#13;&#10;&#9;&#9;Range result = Range.combine(r1, r2);&#13;&#10;&#9;&#9;Range expected = new Range(0, 5);&#13;&#10;    &#9;assertEquals(&quot;The combined range should be 0, 5&quot;, result, expected);&#13;&#10;    }&#13;&#10;&#9;&#13;&#10;&#9;// Testing method combine(Range range1, Range range2)&#13;&#10;&#9;@Test&#13;&#10;    public void CombineSeparatedRanges() throws Exception{&#13;&#10;&#9;&#9;Range r1 = new Range(0, 1);&#13;&#10;&#9;&#9;Range r2 = new Range(3, 4);&#13;&#10;&#9;&#9;Range result = Range.combine(r1, r2);&#13;&#10;&#9;&#9;Range expected = new Range(0, 4);&#13;&#10;    &#9;assertEquals(&quot;The combined range should be 0, 4&quot;, result, expected);&#13;&#10;    }&#13;&#10;&#9;// Testing method combine(Range range1, Range range2)&#13;&#10;&#9;@Test&#13;&#10;    public void CombineAdjacentRanges() throws Exception{&#13;&#10;&#9;&#9;Range r1 = new Range(0, 1);&#13;&#10;&#9;&#9;Range r2 = new Range(1, 2);&#13;&#10;&#9;&#9;Range result = Range.combine(r1, r2);&#13;&#10;&#9;&#9;Range expected = new Range(0, 2);&#13;&#10;    &#9;assertEquals(&quot;The combined range should be 0, 2&quot;, result, expected);&#13;&#10;    }&#13;&#10;&#9;&#13;&#10;    @Test&#13;&#10;    public void CombinedRangeShouldBeRange1() throws Exception{&#13;&#10;    &#9;assertEquals(&quot;The combined range should be -1,1&quot;,range1,Range.combine(range1,null));&#13;&#10;    }&#13;&#10;    &#13;&#10;    @Test&#13;&#10;    public void CombinedRangeShouldBeRange2() throws Exception{&#13;&#10;    &#9;assertEquals(&quot;The combined range should be 1,2&quot;,range2,Range.combine(null,range2));&#13;&#10;    }&#13;&#10;    &#13;&#10;    @Test&#13;&#10;    public void CombinedRangeShouldBeNull() throws Exception{&#13;&#10;    &#9;assertNull(&quot;The combined range should be null&quot;, Range.combine(null, null));&#13;&#10;    }&#13;&#10;    &#13;&#10;    // Testing method constrain(double value)&#13;&#10;    @Test&#13;&#10;    public void ConstrainReturnValueShouldBeLowerBound() throws Exception {&#13;&#10;    &#9;double constrainValue = range1.constrain(-5);&#13;&#10;    &#9;assertEquals(&quot;The expected value was -1.0 but the returned value was &quot; + constrainValue, -1.0, constrainValue, .000000001d);&#13;&#10;    }&#13;&#10;    &#13;&#10;    @Test&#13;&#10;    public void ConstrainReturnValueShouldBeUpperBound() throws Exception {&#13;&#10;    &#9;double constrainValue = range1.constrain(10);&#13;&#10;    &#9;assertEquals(&quot;The expected value was 1.0 but the returned value was &quot; + constrainValue, 1.0, constrainValue, .000000001d);&#13;&#10;    }&#13;&#10;    &#13;&#10;    @Test&#13;&#10;    public void ConstrainReturnValueShouldBe5() throws Exception {&#13;&#10;    &#9;double constrainValue = range3.constrain(5);&#13;&#10;    &#9;assertEquals(&quot;The expected value was 5.0 but the returned value was &quot; + constrainValue, 5.0, constrainValue, .000000001d);&#13;&#10;    }&#13;&#10;    &#13;&#10;    @Test&#13;&#10;    public void ConstrainReturnValueShouldBe0() throws Exception {&#13;&#10;    &#9;Range testRange = new Range(0, 0);&#13;&#10;    &#9;double constrainValue = testRange.constrain(-5);&#13;&#10;    &#9;assertEquals(&quot;The expected value was 0.0 but the returned value was &quot; + constrainValue, 0.0, constrainValue, .000000001d);&#13;&#10;    }&#13;&#10;    &#13;&#10;    // Testing method contains(double value)&#13;&#10;    @Test&#13;&#10;    public void ContainsReturnsTrue() throws Exception {&#13;&#10;    &#9;assertTrue(&quot;Contains should return true for argument 2 on range3&quot;,range3.contains(2));&#13;&#10;    }&#13;&#10;    &#13;&#10;    @Test&#13;&#10;    public void ContainsReturnsFalse() throws Exception {&#13;&#10;    &#9;assertFalse(&quot;Contains should return false for argument -5 on range3&quot;,range3.contains(-5));&#13;&#10;    }&#13;&#10;    &#13;&#10;    @Test &#13;&#10;    public void ContainsLowerBound() throws Exception {&#13;&#10;    &#9;assertTrue(&quot;Contains should return false for argument 1 on range3&quot;, range3.contains(1));&#13;&#10;    }&#13;&#10;    &#13;&#10;    @Test&#13;&#10;    public void ContainsUpperBound() throws Exception {&#13;&#10;    &#9;assertTrue(&quot;Contains should return false for argument 10 on range3&quot;, range3.contains(10));&#13;&#10;    }&#13;&#10;    &#13;&#10;    // Testing method equals(Object obj)&#13;&#10;    @Test&#13;&#10;    public void EqualsSameRange() throws Exception {&#13;&#10;    &#9;Range testRange = new Range(-1, 1);&#13;&#10;    &#9;assertTrue(&quot;The equals method should be returning true on equivalent ranges.&quot;, testRange.equals(testRange));&#13;&#10;    }&#13;&#10;    &#13;&#10;    @Test&#13;&#10;    public void NotEqualsRange() throws Exception {&#13;&#10;    &#9;Range range = new Range(-1, 2);&#13;&#10;    &#9;assertFalse(&quot;The equals method should be returning false on nonequivalent ranges.&quot;, range.equals(range1));&#13;&#10;    }&#13;&#10;    &#13;&#10;    @Test&#13;&#10;    public void EqualsSimilarRangeObject() throws Exception {&#13;&#10;    &#9;Range range1Similar = new Range(-1, 1);&#13;&#10;    &#9;assertTrue(&quot;The equals method should be returning false on equivalent ranges.&quot;, range1.equals(range1Similar));&#13;&#10;    }&#13;&#10;    &#13;&#10;    // Testing method expand(Range range, double lowerMargin, double upperMargin)&#13;&#10;    @Test&#13;&#10;    public void ExpandsPercentanges() throws Exception {&#13;&#10;    &#9;Range testRange = new Range(2, 6);&#13;&#10;    &#9;Range newRange = Range.expand(testRange, 0.25, 0.5);&#13;&#10;    &#9;Range expectedRange = new Range(1,8);&#13;&#10;    &#9;assertTrue(&quot;The range did not properly expand bounds.&quot;, newRange.equals(expectedRange));&#13;&#10;    }&#13;&#10;    &#13;&#10;    @Test&#13;&#10;    public void ExpandsPercentangesBottom() throws Exception {&#13;&#10;    &#9;Range testRange = new Range(2, 6);&#13;&#10;    &#9;Range newRange = Range.expand(testRange, 0.25, 0.0);&#13;&#10;    &#9;Range expectedRange = new Range(1,6);&#13;&#10;    &#9;assertTrue(&quot;The range did not properly expand the lower bound.&quot;, newRange.equals(expectedRange));&#13;&#10;    }&#13;&#10;    &#13;&#10;    @Test&#13;&#10;    public void ExpandsPercentangesTop() throws Exception {&#13;&#10;    &#9;Range testRange = new Range(2, 6);&#13;&#10;    &#9;Range newRange = Range.expand(testRange, 0.0, 0.5);&#13;&#10;    &#9;Range expectedRange = new Range(2, 8);&#13;&#10;    &#9;assertTrue(&quot;The range did not properly expand the upper bound.&quot;, newRange.equals(expectedRange));&#13;&#10;    }&#13;&#10;    &#13;&#10;    @Test (expected = InvalidParameterException.class)&#13;&#10;    public void ExpandThrowsException() {&#13;&#10;    &#9;Range.expand(null, 2, 6);&#13;&#10;    }&#13;&#10;&#13;&#10;    @After&#13;&#10;    public void tearDown() throws Exception {&#13;&#10;    }&#13;&#10;&#13;&#10;    @AfterClass&#13;&#10;    public static void tearDownAfterClass() throws Exception {&#13;&#10;    }&#13;&#10;}" Filename="RangeTest.java" Intrnl_Id="2"/>
    </SrcFileList>
    <CritList>
        <CritListEntry Name="org.codecover.model.utils.criteria.ConditionCoverage" PluginName="org.codecover"/>
        <CritListEntry Name="org.codecover.model.utils.criteria.BranchCoverage" PluginName="org.codecover"/>
        <CritListEntry Name="org.codecover.model.utils.criteria.StatementCoverage" PluginName="org.codecover"/>
    </CritList>
    <BoolOpList/>
    <HierarchyLvlTypeList>
        <HierarchyLvlType EnglishName="package" IntrnlName="package" Intrnl_Id="3"/>
        <HierarchyLvlType EnglishName="anonymous class" IntrnlName="class" Intrnl_Id="4"/>
        <HierarchyLvlType EnglishName="method" IntrnlName="method" Intrnl_Id="5"/>
        <HierarchyLvlType EnglishName="class" IntrnlName="class" Intrnl_Id="6"/>
        <HierarchyLvlType EnglishName="default package" IntrnlName="default package" Intrnl_Id="7"/>
    </HierarchyLvlTypeList>
    <MASTRoot>
        <HierarchyLvl HierarchyLvlId="138" HierarchyLvlTypeId="7" Intrnl_Id="8" Name="default package">
            <Header/>
            <LocList/>
            <HierarchyLvl HierarchyLvlId="137" HierarchyLvlTypeId="3" Intrnl_Id="9" Name="org">
                <Header/>
                <LocList/>
                <HierarchyLvl HierarchyLvlId="136" HierarchyLvlTypeId="3" Intrnl_Id="10" Name="jfree">
                    <Header/>
                    <LocList/>
                    <HierarchyLvl HierarchyLvlId="135" HierarchyLvlTypeId="3" Intrnl_Id="11" Name="data">
                        <Header/>
                        <LocList/>
                        <HierarchyLvl HierarchyLvlId="134" HierarchyLvlTypeId="3" Intrnl_Id="12" Name="test">
                            <Header/>
                            <LocList/>
                            <HierarchyLvl HierarchyLvlId="106" HierarchyLvlTypeId="6" Intrnl_Id="13" Name="DataUtilitiesTest">
                                <Header>
                                    <Loc EndOffset="610" SrcFileId="1" StartOffset="558"/>
                                </Header>
                                <LocList>
                                    <Loc EndOffset="15336" SrcFileId="1" StartOffset="558"/>
                                </LocList>
                                <HierarchyLvl HierarchyLvlId="70" HierarchyLvlTypeId="5" Intrnl_Id="14" Name="setUpBeforeClass">
                                    <Header>
                                        <Loc EndOffset="732" SrcFileId="1" StartOffset="663"/>
                                    </Header>
                                    <LocList>
                                        <Loc EndOffset="738" SrcFileId="1" StartOffset="663"/>
                                    </LocList>
                                </HierarchyLvl>
                                <HierarchyLvl HierarchyLvlId="72" HierarchyLvlTypeId="5" Intrnl_Id="15" Name="setUp">
                                    <Header>
                                        <Loc EndOffset="789" SrcFileId="1" StartOffset="743"/>
                                    </Header>
                                    <LocList>
                                        <Loc EndOffset="1193" SrcFileId="1" StartOffset="743"/>
                                    </LocList>
                                    <StmntSeq Intrnl_Id="16">
                                        <LocList>
                                            <Loc EndOffset="827" SrcFileId="1" StartOffset="795"/>
                                            <Loc EndOffset="891" SrcFileId="1" StartOffset="831"/>
                                            <Loc EndOffset="919" SrcFileId="1" StartOffset="895"/>
                                            <Loc EndOffset="1189" SrcFileId="1" StartOffset="1187"/>
                                        </LocList>
                                        <BasicStmnt CovItemId="S1" CovItemPrefix="org.jfree.data.test.DataUtilitiesTest.java" Intrnl_Id="17">
                                            <LocList>
                                                <Loc EndOffset="827" SrcFileId="1" StartOffset="795"/>
                                            </LocList>
                                        </BasicStmnt>
                                        <BasicStmnt CovItemId="S2" CovItemPrefix="org.jfree.data.test.DataUtilitiesTest.java" Intrnl_Id="18">
                                            <LocList>
                                                <Loc EndOffset="891" SrcFileId="1" StartOffset="831"/>
                                            </LocList>
                                        </BasicStmnt>
                                        <BasicStmnt CovItemId="S3" CovItemPrefix="org.jfree.data.test.DataUtilitiesTest.java" Intrnl_Id="19">
                                            <LocList>
                                                <Loc EndOffset="919" SrcFileId="1" StartOffset="895"/>
                                                <Loc EndOffset="1189" SrcFileId="1" StartOffset="1187"/>
                                            </LocList>
                                        </BasicStmnt>
                                    </StmntSeq>
                                    <HierarchyLvl HierarchyLvlId="71" HierarchyLvlTypeId="4" Intrnl_Id="20" Name="Expectations">
                                        <Header>
                                            <Loc EndOffset="937" SrcFileId="1" StartOffset="923"/>
                                        </Header>
                                        <LocList>
                                            <Loc EndOffset="1187" SrcFileId="1" StartOffset="919"/>
                                        </LocList>
                                        <StmntSeq Intrnl_Id="21">
                                            <LocList>
                                                <Loc EndOffset="987" SrcFileId="1" StartOffset="961"/>
                                                <Loc EndOffset="1021" SrcFileId="1" StartOffset="1000"/>
                                                <Loc EndOffset="1061" SrcFileId="1" StartOffset="1034"/>
                                                <Loc EndOffset="1097" SrcFileId="1" StartOffset="1074"/>
                                                <Loc EndOffset="1137" SrcFileId="1" StartOffset="1110"/>
                                                <Loc EndOffset="1173" SrcFileId="1" StartOffset="1150"/>
                                            </LocList>
                                            <BasicStmnt CovItemId="S4" CovItemPrefix="org.jfree.data.test.DataUtilitiesTest.java" Intrnl_Id="22">
                                                <LocList>
                                                    <Loc EndOffset="987" SrcFileId="1" StartOffset="961"/>
                                                </LocList>
                                            </BasicStmnt>
                                            <BasicStmnt CovItemId="S5" CovItemPrefix="org.jfree.data.test.DataUtilitiesTest.java" Intrnl_Id="23">
                                                <LocList>
                                                    <Loc EndOffset="1021" SrcFileId="1" StartOffset="1000"/>
                                                </LocList>
                                            </BasicStmnt>
                                            <BasicStmnt CovItemId="S6" CovItemPrefix="org.jfree.data.test.DataUtilitiesTest.java" Intrnl_Id="24">
                                                <LocList>
                                                    <Loc EndOffset="1061" SrcFileId="1" StartOffset="1034"/>
                                                </LocList>
                                            </BasicStmnt>
                                            <BasicStmnt CovItemId="S7" CovItemPrefix="org.jfree.data.test.DataUtilitiesTest.java" Intrnl_Id="25">
                                                <LocList>
                                                    <Loc EndOffset="1097" SrcFileId="1" StartOffset="1074"/>
                                                </LocList>
                                            </BasicStmnt>
                                            <BasicStmnt CovItemId="S8" CovItemPrefix="org.jfree.data.test.DataUtilitiesTest.java" Intrnl_Id="26">
                                                <LocList>
                                                    <Loc EndOffset="1137" SrcFileId="1" StartOffset="1110"/>
                                                </LocList>
                                            </BasicStmnt>
                                            <BasicStmnt CovItemId="S9" CovItemPrefix="org.jfree.data.test.DataUtilitiesTest.java" Intrnl_Id="27">
                                                <LocList>
                                                    <Loc EndOffset="1173" SrcFileId="1" StartOffset="1150"/>
                                                </LocList>
                                            </BasicStmnt>
                                        </StmntSeq>
                                    </HierarchyLvl>
                                </HierarchyLvl>
                                <HierarchyLvl HierarchyLvlId="73" HierarchyLvlTypeId="5" Intrnl_Id="28" Name="calculateColumnTotalForTwoValues">
                                    <Header>
                                        <Loc EndOffset="1327" SrcFileId="1" StartOffset="1273"/>
                                    </Header>
                                    <LocList>
                                        <Loc EndOffset="1536" SrcFileId="1" StartOffset="1273"/>
                                    </LocList>
                                    <StmntSeq Intrnl_Id="29">
                                        <LocList>
                                            <Loc EndOffset="1417" SrcFileId="1" StartOffset="1356"/>
                                            <Loc EndOffset="1532" SrcFileId="1" StartOffset="1421"/>
                                        </LocList>
                                        <BasicStmnt CovItemId="S10" CovItemPrefix="org.jfree.data.test.DataUtilitiesTest.java" Intrnl_Id="30">
                                            <LocList>
                                                <Loc EndOffset="1417" SrcFileId="1" StartOffset="1356"/>
                                            </LocList>
                                        </BasicStmnt>
                                        <BasicStmnt CovItemId="S11" CovItemPrefix="org.jfree.data.test.DataUtilitiesTest.java" Intrnl_Id="31">
                                            <LocList>
                                                <Loc EndOffset="1532" SrcFileId="1" StartOffset="1421"/>
                                            </LocList>
                                        </BasicStmnt>
                                    </StmntSeq>
                                </HierarchyLvl>
                                <HierarchyLvl HierarchyLvlId="75" HierarchyLvlTypeId="5" Intrnl_Id="32" Name="calculateColumnTotalForInvalidColumn">
                                    <Header>
                                        <Loc EndOffset="1682" SrcFileId="1" StartOffset="1542"/>
                                    </Header>
                                    <LocList>
                                        <Loc EndOffset="2319" SrcFileId="1" StartOffset="1542"/>
                                    </LocList>
                                    <StmntSeq Intrnl_Id="33">
                                        <LocList>
                                            <Loc EndOffset="1724" SrcFileId="1" StartOffset="1700"/>
                                            <Loc EndOffset="2108" SrcFileId="1" StartOffset="2106"/>
                                            <Loc EndOffset="2184" SrcFileId="1" StartOffset="2123"/>
                                            <Loc EndOffset="2315" SrcFileId="1" StartOffset="2188"/>
                                        </LocList>
                                        <BasicStmnt CovItemId="S12" CovItemPrefix="org.jfree.data.test.DataUtilitiesTest.java" Intrnl_Id="34">
                                            <LocList>
                                                <Loc EndOffset="1724" SrcFileId="1" StartOffset="1700"/>
                                                <Loc EndOffset="2108" SrcFileId="1" StartOffset="2106"/>
                                            </LocList>
                                        </BasicStmnt>
                                        <BasicStmnt CovItemId="S19" CovItemPrefix="org.jfree.data.test.DataUtilitiesTest.java" Intrnl_Id="35">
                                            <LocList>
                                                <Loc EndOffset="2184" SrcFileId="1" StartOffset="2123"/>
                                            </LocList>
                                        </BasicStmnt>
                                        <BasicStmnt CovItemId="S20" CovItemPrefix="org.jfree.data.test.DataUtilitiesTest.java" Intrnl_Id="36">
                                            <LocList>
                                                <Loc EndOffset="2315" SrcFileId="1" StartOffset="2188"/>
                                            </LocList>
                                        </BasicStmnt>
                                    </StmntSeq>
                                    <HierarchyLvl HierarchyLvlId="74" HierarchyLvlTypeId="4" Intrnl_Id="37" Name="Expectations">
                                        <Header>
                                            <Loc EndOffset="1742" SrcFileId="1" StartOffset="1728"/>
                                        </Header>
                                        <LocList>
                                            <Loc EndOffset="2106" SrcFileId="1" StartOffset="1724"/>
                                        </LocList>
                                        <StmntSeq Intrnl_Id="38">
                                            <LocList>
                                                <Loc EndOffset="1792" SrcFileId="1" StartOffset="1766"/>
                                                <Loc EndOffset="1826" SrcFileId="1" StartOffset="1805"/>
                                                <Loc EndOffset="1996" SrcFileId="1" StartOffset="1969"/>
                                                <Loc EndOffset="2026" SrcFileId="1" StartOffset="2005"/>
                                                <Loc EndOffset="2062" SrcFileId="1" StartOffset="2035"/>
                                                <Loc EndOffset="2092" SrcFileId="1" StartOffset="2071"/>
                                            </LocList>
                                            <BasicStmnt CovItemId="S13" CovItemPrefix="org.jfree.data.test.DataUtilitiesTest.java" Intrnl_Id="39">
                                                <LocList>
                                                    <Loc EndOffset="1792" SrcFileId="1" StartOffset="1766"/>
                                                </LocList>
                                            </BasicStmnt>
                                            <BasicStmnt CovItemId="S14" CovItemPrefix="org.jfree.data.test.DataUtilitiesTest.java" Intrnl_Id="40">
                                                <LocList>
                                                    <Loc EndOffset="1826" SrcFileId="1" StartOffset="1805"/>
                                                </LocList>
                                            </BasicStmnt>
                                            <BasicStmnt CovItemId="S15" CovItemPrefix="org.jfree.data.test.DataUtilitiesTest.java" Intrnl_Id="41">
                                                <LocList>
                                                    <Loc EndOffset="1996" SrcFileId="1" StartOffset="1969"/>
                                                </LocList>
                                            </BasicStmnt>
                                            <BasicStmnt CovItemId="S16" CovItemPrefix="org.jfree.data.test.DataUtilitiesTest.java" Intrnl_Id="42">
                                                <LocList>
                                                    <Loc EndOffset="2026" SrcFileId="1" StartOffset="2005"/>
                                                </LocList>
                                            </BasicStmnt>
                                            <BasicStmnt CovItemId="S17" CovItemPrefix="org.jfree.data.test.DataUtilitiesTest.java" Intrnl_Id="43">
                                                <LocList>
                                                    <Loc EndOffset="2062" SrcFileId="1" StartOffset="2035"/>
                                                </LocList>
                                            </BasicStmnt>
                                            <BasicStmnt CovItemId="S18" CovItemPrefix="org.jfree.data.test.DataUtilitiesTest.java" Intrnl_Id="44">
                                                <LocList>
                                                    <Loc EndOffset="2092" SrcFileId="1" StartOffset="2071"/>
                                                </LocList>
                                            </BasicStmnt>
                                        </StmntSeq>
                                    </HierarchyLvl>
                                </HierarchyLvl>
                                <HierarchyLvl HierarchyLvlId="77" HierarchyLvlTypeId="5" Intrnl_Id="45" Name="calculateColumnTotalForNegativeColumn">
                                    <Header>
                                        <Loc EndOffset="2385" SrcFileId="1" StartOffset="2325"/>
                                    </Header>
                                    <LocList>
                                        <Loc EndOffset="3027" SrcFileId="1" StartOffset="2325"/>
                                    </LocList>
                                    <StmntSeq Intrnl_Id="46">
                                        <LocList>
                                            <Loc EndOffset="2427" SrcFileId="1" StartOffset="2403"/>
                                            <Loc EndOffset="2814" SrcFileId="1" StartOffset="2812"/>
                                            <Loc EndOffset="2891" SrcFileId="1" StartOffset="2829"/>
                                            <Loc EndOffset="3023" SrcFileId="1" StartOffset="2895"/>
                                        </LocList>
                                        <BasicStmnt CovItemId="S21" CovItemPrefix="org.jfree.data.test.DataUtilitiesTest.java" Intrnl_Id="47">
                                            <LocList>
                                                <Loc EndOffset="2427" SrcFileId="1" StartOffset="2403"/>
                                                <Loc EndOffset="2814" SrcFileId="1" StartOffset="2812"/>
                                            </LocList>
                                        </BasicStmnt>
                                        <BasicStmnt CovItemId="S28" CovItemPrefix="org.jfree.data.test.DataUtilitiesTest.java" Intrnl_Id="48">
                                            <LocList>
                                                <Loc EndOffset="2891" SrcFileId="1" StartOffset="2829"/>
                                            </LocList>
                                        </BasicStmnt>
                                        <BasicStmnt CovItemId="S29" CovItemPrefix="org.jfree.data.test.DataUtilitiesTest.java" Intrnl_Id="49">
                                            <LocList>
                                                <Loc EndOffset="3023" SrcFileId="1" StartOffset="2895"/>
                                            </LocList>
                                        </BasicStmnt>
                                    </StmntSeq>
                                    <HierarchyLvl HierarchyLvlId="76" HierarchyLvlTypeId="4" Intrnl_Id="50" Name="Expectations">
                                        <Header>
                                            <Loc EndOffset="2445" SrcFileId="1" StartOffset="2431"/>
                                        </Header>
                                        <LocList>
                                            <Loc EndOffset="2812" SrcFileId="1" StartOffset="2427"/>
                                        </LocList>
                                        <StmntSeq Intrnl_Id="51">
                                            <LocList>
                                                <Loc EndOffset="2495" SrcFileId="1" StartOffset="2469"/>
                                                <Loc EndOffset="2529" SrcFileId="1" StartOffset="2508"/>
                                                <Loc EndOffset="2701" SrcFileId="1" StartOffset="2673"/>
                                                <Loc EndOffset="2731" SrcFileId="1" StartOffset="2710"/>
                                                <Loc EndOffset="2768" SrcFileId="1" StartOffset="2740"/>
                                                <Loc EndOffset="2798" SrcFileId="1" StartOffset="2777"/>
                                            </LocList>
                                            <BasicStmnt CovItemId="S22" CovItemPrefix="org.jfree.data.test.DataUtilitiesTest.java" Intrnl_Id="52">
                                                <LocList>
                                                    <Loc EndOffset="2495" SrcFileId="1" StartOffset="2469"/>
                                                </LocList>
                                            </BasicStmnt>
                                            <BasicStmnt CovItemId="S23" CovItemPrefix="org.jfree.data.test.DataUtilitiesTest.java" Intrnl_Id="53">
                                                <LocList>
                                                    <Loc EndOffset="2529" SrcFileId="1" StartOffset="2508"/>
                                                </LocList>
                                            </BasicStmnt>
                                            <BasicStmnt CovItemId="S24" CovItemPrefix="org.jfree.data.test.DataUtilitiesTest.java" Intrnl_Id="54">
                                                <LocList>
                                                    <Loc EndOffset="2701" SrcFileId="1" StartOffset="2673"/>
                                                </LocList>
                                            </BasicStmnt>
                                            <BasicStmnt CovItemId="S25" CovItemPrefix="org.jfree.data.test.DataUtilitiesTest.java" Intrnl_Id="55">
                                                <LocList>
                                                    <Loc EndOffset="2731" SrcFileId="1" StartOffset="2710"/>
                                                </LocList>
                                            </BasicStmnt>
                                            <BasicStmnt CovItemId="S26" CovItemPrefix="org.jfree.data.test.DataUtilitiesTest.java" Intrnl_Id="56">
                                                <LocList>
                                                    <Loc EndOffset="2768" SrcFileId="1" StartOffset="2740"/>
                                                </LocList>
                                            </BasicStmnt>
                                            <BasicStmnt CovItemId="S27" CovItemPrefix="org.jfree.data.test.DataUtilitiesTest.java" Intrnl_Id="57">
                                                <LocList>
                                                    <Loc EndOffset="2798" SrcFileId="1" StartOffset="2777"/>
                                                </LocList>
                                            </BasicStmnt>
                                        </StmntSeq>
                                    </HierarchyLvl>
                                </HierarchyLvl>
                                <HierarchyLvl HierarchyLvlId="78" HierarchyLvlTypeId="5" Intrnl_Id="58" Name="calculateColumnTotalForNullTable">
                                    <Header>
                                        <Loc EndOffset="3149" SrcFileId="1" StartOffset="3033"/>
                                    </Header>
                                    <LocList>
                                        <Loc EndOffset="3201" SrcFileId="1" StartOffset="3033"/>
                                    </LocList>
                                    <StmntSeq Intrnl_Id="59">
                                        <LocList>
                                            <Loc EndOffset="3197" SrcFileId="1" StartOffset="3154"/>
                                        </LocList>
                                        <BasicStmnt CovItemId="S30" CovItemPrefix="org.jfree.data.test.DataUtilitiesTest.java" Intrnl_Id="60">
                                            <LocList>
                                                <Loc EndOffset="3197" SrcFileId="1" StartOffset="3154"/>
                                            </LocList>
                                        </BasicStmnt>
                                    </StmntSeq>
                                </HierarchyLvl>
                                <HierarchyLvl HierarchyLvlId="80" HierarchyLvlTypeId="5" Intrnl_Id="61" Name="calculateRowTotalForTwoValues">
                                    <Header>
                                        <Loc EndOffset="3326" SrcFileId="1" StartOffset="3275"/>
                                    </Header>
                                    <LocList>
                                        <Loc EndOffset="3834" SrcFileId="1" StartOffset="3275"/>
                                    </LocList>
                                    <StmntSeq Intrnl_Id="62">
                                        <LocList>
                                            <Loc EndOffset="3368" SrcFileId="1" StartOffset="3344"/>
                                            <Loc EndOffset="3641" SrcFileId="1" StartOffset="3639"/>
                                            <Loc EndOffset="3714" SrcFileId="1" StartOffset="3656"/>
                                            <Loc EndOffset="3830" SrcFileId="1" StartOffset="3718"/>
                                        </LocList>
                                        <BasicStmnt CovItemId="S31" CovItemPrefix="org.jfree.data.test.DataUtilitiesTest.java" Intrnl_Id="63">
                                            <LocList>
                                                <Loc EndOffset="3368" SrcFileId="1" StartOffset="3344"/>
                                                <Loc EndOffset="3641" SrcFileId="1" StartOffset="3639"/>
                                            </LocList>
                                        </BasicStmnt>
                                        <BasicStmnt CovItemId="S38" CovItemPrefix="org.jfree.data.test.DataUtilitiesTest.java" Intrnl_Id="64">
                                            <LocList>
                                                <Loc EndOffset="3714" SrcFileId="1" StartOffset="3656"/>
                                            </LocList>
                                        </BasicStmnt>
                                        <BasicStmnt CovItemId="S39" CovItemPrefix="org.jfree.data.test.DataUtilitiesTest.java" Intrnl_Id="65">
                                            <LocList>
                                                <Loc EndOffset="3830" SrcFileId="1" StartOffset="3718"/>
                                            </LocList>
                                        </BasicStmnt>
                                    </StmntSeq>
                                    <HierarchyLvl HierarchyLvlId="79" HierarchyLvlTypeId="4" Intrnl_Id="66" Name="Expectations">
                                        <Header>
                                            <Loc EndOffset="3386" SrcFileId="1" StartOffset="3372"/>
                                        </Header>
                                        <LocList>
                                            <Loc EndOffset="3639" SrcFileId="1" StartOffset="3368"/>
                                        </LocList>
                                        <StmntSeq Intrnl_Id="67">
                                            <LocList>
                                                <Loc EndOffset="3439" SrcFileId="1" StartOffset="3410"/>
                                                <Loc EndOffset="3473" SrcFileId="1" StartOffset="3452"/>
                                                <Loc EndOffset="3513" SrcFileId="1" StartOffset="3486"/>
                                                <Loc EndOffset="3549" SrcFileId="1" StartOffset="3526"/>
                                                <Loc EndOffset="3589" SrcFileId="1" StartOffset="3562"/>
                                                <Loc EndOffset="3625" SrcFileId="1" StartOffset="3602"/>
                                            </LocList>
                                            <BasicStmnt CovItemId="S32" CovItemPrefix="org.jfree.data.test.DataUtilitiesTest.java" Intrnl_Id="68">
                                                <LocList>
                                                    <Loc EndOffset="3439" SrcFileId="1" StartOffset="3410"/>
                                                </LocList>
                                            </BasicStmnt>
                                            <BasicStmnt CovItemId="S33" CovItemPrefix="org.jfree.data.test.DataUtilitiesTest.java" Intrnl_Id="69">
                                                <LocList>
                                                    <Loc EndOffset="3473" SrcFileId="1" StartOffset="3452"/>
                                                </LocList>
                                            </BasicStmnt>
                                            <BasicStmnt CovItemId="S34" CovItemPrefix="org.jfree.data.test.DataUtilitiesTest.java" Intrnl_Id="70">
                                                <LocList>
                                                    <Loc EndOffset="3513" SrcFileId="1" StartOffset="3486"/>
                                                </LocList>
                                            </BasicStmnt>
                                            <BasicStmnt CovItemId="S35" CovItemPrefix="org.jfree.data.test.DataUtilitiesTest.java" Intrnl_Id="71">
                                                <LocList>
                                                    <Loc EndOffset="3549" SrcFileId="1" StartOffset="3526"/>
                                                </LocList>
                                            </BasicStmnt>
                                            <BasicStmnt CovItemId="S36" CovItemPrefix="org.jfree.data.test.DataUtilitiesTest.java" Intrnl_Id="72">
                                                <LocList>
                                                    <Loc EndOffset="3589" SrcFileId="1" StartOffset="3562"/>
                                                </LocList>
                                            </BasicStmnt>
                                            <BasicStmnt CovItemId="S37" CovItemPrefix="org.jfree.data.test.DataUtilitiesTest.java" Intrnl_Id="73">
                                                <LocList>
                                                    <Loc EndOffset="3625" SrcFileId="1" StartOffset="3602"/>
                                                </LocList>
                                            </BasicStmnt>
                                        </StmntSeq>
                                    </HierarchyLvl>
                                </HierarchyLvl>
                                <HierarchyLvl HierarchyLvlId="82" HierarchyLvlTypeId="5" Intrnl_Id="74" Name="calculateRowTotalForInvalidRow">
                                    <Header>
                                        <Loc EndOffset="3935" SrcFileId="1" StartOffset="3840"/>
                                    </Header>
                                    <LocList>
                                        <Loc EndOffset="4428" SrcFileId="1" StartOffset="3840"/>
                                    </LocList>
                                    <StmntSeq Intrnl_Id="75">
                                        <LocList>
                                            <Loc EndOffset="3977" SrcFileId="1" StartOffset="3953"/>
                                            <Loc EndOffset="4222" SrcFileId="1" StartOffset="4220"/>
                                            <Loc EndOffset="4295" SrcFileId="1" StartOffset="4237"/>
                                            <Loc EndOffset="4424" SrcFileId="1" StartOffset="4299"/>
                                        </LocList>
                                        <BasicStmnt CovItemId="S40" CovItemPrefix="org.jfree.data.test.DataUtilitiesTest.java" Intrnl_Id="76">
                                            <LocList>
                                                <Loc EndOffset="3977" SrcFileId="1" StartOffset="3953"/>
                                                <Loc EndOffset="4222" SrcFileId="1" StartOffset="4220"/>
                                            </LocList>
                                        </BasicStmnt>
                                        <BasicStmnt CovItemId="S47" CovItemPrefix="org.jfree.data.test.DataUtilitiesTest.java" Intrnl_Id="77">
                                            <LocList>
                                                <Loc EndOffset="4295" SrcFileId="1" StartOffset="4237"/>
                                            </LocList>
                                        </BasicStmnt>
                                        <BasicStmnt CovItemId="S48" CovItemPrefix="org.jfree.data.test.DataUtilitiesTest.java" Intrnl_Id="78">
                                            <LocList>
                                                <Loc EndOffset="4424" SrcFileId="1" StartOffset="4299"/>
                                            </LocList>
                                        </BasicStmnt>
                                    </StmntSeq>
                                    <HierarchyLvl HierarchyLvlId="81" HierarchyLvlTypeId="4" Intrnl_Id="79" Name="Expectations">
                                        <Header>
                                            <Loc EndOffset="3995" SrcFileId="1" StartOffset="3981"/>
                                        </Header>
                                        <LocList>
                                            <Loc EndOffset="4220" SrcFileId="1" StartOffset="3977"/>
                                        </LocList>
                                        <StmntSeq Intrnl_Id="80">
                                            <LocList>
                                                <Loc EndOffset="4044" SrcFileId="1" StartOffset="4015"/>
                                                <Loc EndOffset="4074" SrcFileId="1" StartOffset="4053"/>
                                                <Loc EndOffset="4110" SrcFileId="1" StartOffset="4083"/>
                                                <Loc EndOffset="4140" SrcFileId="1" StartOffset="4119"/>
                                                <Loc EndOffset="4176" SrcFileId="1" StartOffset="4149"/>
                                                <Loc EndOffset="4206" SrcFileId="1" StartOffset="4185"/>
                                            </LocList>
                                            <BasicStmnt CovItemId="S41" CovItemPrefix="org.jfree.data.test.DataUtilitiesTest.java" Intrnl_Id="81">
                                                <LocList>
                                                    <Loc EndOffset="4044" SrcFileId="1" StartOffset="4015"/>
                                                </LocList>
                                            </BasicStmnt>
                                            <BasicStmnt CovItemId="S42" CovItemPrefix="org.jfree.data.test.DataUtilitiesTest.java" Intrnl_Id="82">
                                                <LocList>
                                                    <Loc EndOffset="4074" SrcFileId="1" StartOffset="4053"/>
                                                </LocList>
                                            </BasicStmnt>
                                            <BasicStmnt CovItemId="S43" CovItemPrefix="org.jfree.data.test.DataUtilitiesTest.java" Intrnl_Id="83">
                                                <LocList>
                                                    <Loc EndOffset="4110" SrcFileId="1" StartOffset="4083"/>
                                                </LocList>
                                            </BasicStmnt>
                                            <BasicStmnt CovItemId="S44" CovItemPrefix="org.jfree.data.test.DataUtilitiesTest.java" Intrnl_Id="84">
                                                <LocList>
                                                    <Loc EndOffset="4140" SrcFileId="1" StartOffset="4119"/>
                                                </LocList>
                                            </BasicStmnt>
                                            <BasicStmnt CovItemId="S45" CovItemPrefix="org.jfree.data.test.DataUtilitiesTest.java" Intrnl_Id="85">
                                                <LocList>
                                                    <Loc EndOffset="4176" SrcFileId="1" StartOffset="4149"/>
                                                </LocList>
                                            </BasicStmnt>
                                            <BasicStmnt CovItemId="S46" CovItemPrefix="org.jfree.data.test.DataUtilitiesTest.java" Intrnl_Id="86">
                                                <LocList>
                                                    <Loc EndOffset="4206" SrcFileId="1" StartOffset="4185"/>
                                                </LocList>
                                            </BasicStmnt>
                                        </StmntSeq>
                                    </HierarchyLvl>
                                </HierarchyLvl>
                                <HierarchyLvl HierarchyLvlId="84" HierarchyLvlTypeId="5" Intrnl_Id="87" Name="calculateRowTotalForNegativeRow">
                                    <Header>
                                        <Loc EndOffset="4530" SrcFileId="1" StartOffset="4434"/>
                                    </Header>
                                    <LocList>
                                        <Loc EndOffset="5027" SrcFileId="1" StartOffset="4434"/>
                                    </LocList>
                                    <StmntSeq Intrnl_Id="88">
                                        <LocList>
                                            <Loc EndOffset="4572" SrcFileId="1" StartOffset="4548"/>
                                            <Loc EndOffset="4819" SrcFileId="1" StartOffset="4817"/>
                                            <Loc EndOffset="4893" SrcFileId="1" StartOffset="4834"/>
                                            <Loc EndOffset="5023" SrcFileId="1" StartOffset="4897"/>
                                        </LocList>
                                        <BasicStmnt CovItemId="S49" CovItemPrefix="org.jfree.data.test.DataUtilitiesTest.java" Intrnl_Id="89">
                                            <LocList>
                                                <Loc EndOffset="4572" SrcFileId="1" StartOffset="4548"/>
                                                <Loc EndOffset="4819" SrcFileId="1" StartOffset="4817"/>
                                            </LocList>
                                        </BasicStmnt>
                                        <BasicStmnt CovItemId="S56" CovItemPrefix="org.jfree.data.test.DataUtilitiesTest.java" Intrnl_Id="90">
                                            <LocList>
                                                <Loc EndOffset="4893" SrcFileId="1" StartOffset="4834"/>
                                            </LocList>
                                        </BasicStmnt>
                                        <BasicStmnt CovItemId="S57" CovItemPrefix="org.jfree.data.test.DataUtilitiesTest.java" Intrnl_Id="91">
                                            <LocList>
                                                <Loc EndOffset="5023" SrcFileId="1" StartOffset="4897"/>
                                            </LocList>
                                        </BasicStmnt>
                                    </StmntSeq>
                                    <HierarchyLvl HierarchyLvlId="83" HierarchyLvlTypeId="4" Intrnl_Id="92" Name="Expectations">
                                        <Header>
                                            <Loc EndOffset="4590" SrcFileId="1" StartOffset="4576"/>
                                        </Header>
                                        <LocList>
                                            <Loc EndOffset="4817" SrcFileId="1" StartOffset="4572"/>
                                        </LocList>
                                        <StmntSeq Intrnl_Id="93">
                                            <LocList>
                                                <Loc EndOffset="4639" SrcFileId="1" StartOffset="4610"/>
                                                <Loc EndOffset="4669" SrcFileId="1" StartOffset="4648"/>
                                                <Loc EndOffset="4706" SrcFileId="1" StartOffset="4678"/>
                                                <Loc EndOffset="4736" SrcFileId="1" StartOffset="4715"/>
                                                <Loc EndOffset="4773" SrcFileId="1" StartOffset="4745"/>
                                                <Loc EndOffset="4803" SrcFileId="1" StartOffset="4782"/>
                                            </LocList>
                                            <BasicStmnt CovItemId="S50" CovItemPrefix="org.jfree.data.test.DataUtilitiesTest.java" Intrnl_Id="94">
                                                <LocList>
                                                    <Loc EndOffset="4639" SrcFileId="1" StartOffset="4610"/>
                                                </LocList>
                                            </BasicStmnt>
                                            <BasicStmnt CovItemId="S51" CovItemPrefix="org.jfree.data.test.DataUtilitiesTest.java" Intrnl_Id="95">
                                                <LocList>
                                                    <Loc EndOffset="4669" SrcFileId="1" StartOffset="4648"/>
                                                </LocList>
                                            </BasicStmnt>
                                            <BasicStmnt CovItemId="S52" CovItemPrefix="org.jfree.data.test.DataUtilitiesTest.java" Intrnl_Id="96">
                                                <LocList>
                                                    <Loc EndOffset="4706" SrcFileId="1" StartOffset="4678"/>
                                                </LocList>
                                            </BasicStmnt>
                                            <BasicStmnt CovItemId="S53" CovItemPrefix="org.jfree.data.test.DataUtilitiesTest.java" Intrnl_Id="97">
                                                <LocList>
                                                    <Loc EndOffset="4736" SrcFileId="1" StartOffset="4715"/>
                                                </LocList>
                                            </BasicStmnt>
                                            <BasicStmnt CovItemId="S54" CovItemPrefix="org.jfree.data.test.DataUtilitiesTest.java" Intrnl_Id="98">
                                                <LocList>
                                                    <Loc EndOffset="4773" SrcFileId="1" StartOffset="4745"/>
                                                </LocList>
                                            </BasicStmnt>
                                            <BasicStmnt CovItemId="S55" CovItemPrefix="org.jfree.data.test.DataUtilitiesTest.java" Intrnl_Id="99">
                                                <LocList>
                                                    <Loc EndOffset="4803" SrcFileId="1" StartOffset="4782"/>
                                                </LocList>
                                            </BasicStmnt>
                                        </StmntSeq>
                                    </HierarchyLvl>
                                </HierarchyLvl>
                                <HierarchyLvl HierarchyLvlId="85" HierarchyLvlTypeId="5" Intrnl_Id="100" Name="calculateRowTotalForNullTable">
                                    <Header>
                                        <Loc EndOffset="5146" SrcFileId="1" StartOffset="5033"/>
                                    </Header>
                                    <LocList>
                                        <Loc EndOffset="5195" SrcFileId="1" StartOffset="5033"/>
                                    </LocList>
                                    <StmntSeq Intrnl_Id="101">
                                        <LocList>
                                            <Loc EndOffset="5191" SrcFileId="1" StartOffset="5151"/>
                                        </LocList>
                                        <BasicStmnt CovItemId="S58" CovItemPrefix="org.jfree.data.test.DataUtilitiesTest.java" Intrnl_Id="102">
                                            <LocList>
                                                <Loc EndOffset="5191" SrcFileId="1" StartOffset="5151"/>
                                            </LocList>
                                        </BasicStmnt>
                                    </StmntSeq>
                                </HierarchyLvl>
                                <HierarchyLvl HierarchyLvlId="86" HierarchyLvlTypeId="5" Intrnl_Id="103" Name="createNumberArray">
                                    <Header>
                                        <Loc EndOffset="5379" SrcFileId="1" StartOffset="5340"/>
                                    </Header>
                                    <LocList>
                                        <Loc EndOffset="5724" SrcFileId="1" StartOffset="5340"/>
                                    </LocList>
                                    <StmntSeq Intrnl_Id="104">
                                        <LocList>
                                            <Loc EndOffset="5443" SrcFileId="1" StartOffset="5388"/>
                                            <Loc EndOffset="5502" SrcFileId="1" StartOffset="5447"/>
                                            <Loc EndOffset="5720" SrcFileId="1" StartOffset="5556"/>
                                        </LocList>
                                        <BasicStmnt CovItemId="S59" CovItemPrefix="org.jfree.data.test.DataUtilitiesTest.java" Intrnl_Id="105">
                                            <LocList>
                                                <Loc EndOffset="5443" SrcFileId="1" StartOffset="5388"/>
                                            </LocList>
                                        </BasicStmnt>
                                        <BasicStmnt CovItemId="S60" CovItemPrefix="org.jfree.data.test.DataUtilitiesTest.java" Intrnl_Id="106">
                                            <LocList>
                                                <Loc EndOffset="5502" SrcFileId="1" StartOffset="5447"/>
                                            </LocList>
                                        </BasicStmnt>
                                        <LoopStmnt CovItemId="S61" CovItemPrefix="org.jfree.data.test.DataUtilitiesTest.java" Intrnl_Id="107" MltplExecId="L1-2" MltplExecPrefix="org.jfree.data.test.DataUtilitiesTest.java" NvrExecId="L1-0" NvrExecPrefix="org.jfree.data.test.DataUtilitiesTest.java" OnceExecutedId="L1-1" OnceExecutedPrefix="org.jfree.data.test.DataUtilitiesTest.java" OptBodyExec="true">
                                            <StmntSeq Intrnl_Id="108">
                                                <LocList>
                                                    <Loc EndOffset="5720" SrcFileId="1" StartOffset="5587"/>
                                                </LocList>
                                                <BasicStmnt CovItemId="S62" CovItemPrefix="org.jfree.data.test.DataUtilitiesTest.java" Intrnl_Id="109">
                                                    <LocList>
                                                        <Loc EndOffset="5720" SrcFileId="1" StartOffset="5587"/>
                                                    </LocList>
                                                </BasicStmnt>
                                            </StmntSeq>
                                            <Keyword EndOffset="5559" SrcFileId="1" StartOffset="5556"/>
                                            <LocList>
                                                <Loc EndOffset="5720" SrcFileId="1" StartOffset="5556"/>
                                            </LocList>
                                            <RootTerm CovItemId="C1" CovItemPrefix="org.jfree.data.test.DataUtilitiesTest.java" Intrnl_Id="110">
                                                <BasicBoolTerm Intrnl_Id="111">
                                                    <LocList>
                                                        <Loc EndOffset="5576" SrcFileId="1" StartOffset="5571"/>
                                                    </LocList>
                                                </BasicBoolTerm>
                                            </RootTerm>
                                        </LoopStmnt>
                                    </StmntSeq>
                                </HierarchyLvl>
                                <HierarchyLvl HierarchyLvlId="87" HierarchyLvlTypeId="5" Intrnl_Id="112" Name="nullNumberArrayThrowsException">
                                    <Header>
                                        <Loc EndOffset="5827" SrcFileId="1" StartOffset="5730"/>
                                    </Header>
                                    <LocList>
                                        <Loc EndOffset="5896" SrcFileId="1" StartOffset="5730"/>
                                    </LocList>
                                    <StmntSeq Intrnl_Id="113">
                                        <LocList>
                                            <Loc EndOffset="5892" SrcFileId="1" StartOffset="5836"/>
                                        </LocList>
                                        <BasicStmnt CovItemId="S63" CovItemPrefix="org.jfree.data.test.DataUtilitiesTest.java" Intrnl_Id="114">
                                            <LocList>
                                                <Loc EndOffset="5892" SrcFileId="1" StartOffset="5836"/>
                                            </LocList>
                                        </BasicStmnt>
                                    </StmntSeq>
                                </HierarchyLvl>
                                <HierarchyLvl HierarchyLvlId="88" HierarchyLvlTypeId="5" Intrnl_Id="115" Name="createEmptyNumberArray">
                                    <Header>
                                        <Loc EndOffset="5946" SrcFileId="1" StartOffset="5902"/>
                                    </Header>
                                    <LocList>
                                        <Loc EndOffset="6152" SrcFileId="1" StartOffset="5902"/>
                                    </LocList>
                                    <StmntSeq Intrnl_Id="116">
                                        <LocList>
                                            <Loc EndOffset="5986" SrcFileId="1" StartOffset="5955"/>
                                            <Loc EndOffset="6045" SrcFileId="1" StartOffset="5990"/>
                                            <Loc EndOffset="6148" SrcFileId="1" StartOffset="6053"/>
                                        </LocList>
                                        <BasicStmnt CovItemId="S64" CovItemPrefix="org.jfree.data.test.DataUtilitiesTest.java" Intrnl_Id="117">
                                            <LocList>
                                                <Loc EndOffset="5986" SrcFileId="1" StartOffset="5955"/>
                                            </LocList>
                                        </BasicStmnt>
                                        <BasicStmnt CovItemId="S65" CovItemPrefix="org.jfree.data.test.DataUtilitiesTest.java" Intrnl_Id="118">
                                            <LocList>
                                                <Loc EndOffset="6045" SrcFileId="1" StartOffset="5990"/>
                                            </LocList>
                                        </BasicStmnt>
                                        <BasicStmnt CovItemId="S66" CovItemPrefix="org.jfree.data.test.DataUtilitiesTest.java" Intrnl_Id="119">
                                            <LocList>
                                                <Loc EndOffset="6148" SrcFileId="1" StartOffset="6053"/>
                                            </LocList>
                                        </BasicStmnt>
                                    </StmntSeq>
                                </HierarchyLvl>
                                <HierarchyLvl HierarchyLvlId="89" HierarchyLvlTypeId="5" Intrnl_Id="120" Name="createNumberArray2D">
                                    <Header>
                                        <Loc EndOffset="6264" SrcFileId="1" StartOffset="6223"/>
                                    </Header>
                                    <LocList>
                                        <Loc EndOffset="6747" SrcFileId="1" StartOffset="6223"/>
                                    </LocList>
                                    <StmntSeq Intrnl_Id="121">
                                        <LocList>
                                            <Loc EndOffset="6333" SrcFileId="1" StartOffset="6272"/>
                                            <Loc EndOffset="6396" SrcFileId="1" StartOffset="6337"/>
                                            <Loc EndOffset="6743" SrcFileId="1" StartOffset="6502"/>
                                        </LocList>
                                        <BasicStmnt CovItemId="S67" CovItemPrefix="org.jfree.data.test.DataUtilitiesTest.java" Intrnl_Id="122">
                                            <LocList>
                                                <Loc EndOffset="6333" SrcFileId="1" StartOffset="6272"/>
                                            </LocList>
                                        </BasicStmnt>
                                        <BasicStmnt CovItemId="S68" CovItemPrefix="org.jfree.data.test.DataUtilitiesTest.java" Intrnl_Id="123">
                                            <LocList>
                                                <Loc EndOffset="6396" SrcFileId="1" StartOffset="6337"/>
                                            </LocList>
                                        </BasicStmnt>
                                        <LoopStmnt CovItemId="S69" CovItemPrefix="org.jfree.data.test.DataUtilitiesTest.java" Intrnl_Id="124" MltplExecId="L2-2" MltplExecPrefix="org.jfree.data.test.DataUtilitiesTest.java" NvrExecId="L2-0" NvrExecPrefix="org.jfree.data.test.DataUtilitiesTest.java" OnceExecutedId="L2-1" OnceExecutedPrefix="org.jfree.data.test.DataUtilitiesTest.java" OptBodyExec="true">
                                            <StmntSeq Intrnl_Id="125">
                                                <LocList>
                                                    <Loc EndOffset="6738" SrcFileId="1" StartOffset="6544"/>
                                                </LocList>
                                                <LoopStmnt CovItemId="S70" CovItemPrefix="org.jfree.data.test.DataUtilitiesTest.java" Intrnl_Id="126" MltplExecId="L3-2" MltplExecPrefix="org.jfree.data.test.DataUtilitiesTest.java" NvrExecId="L3-0" NvrExecPrefix="org.jfree.data.test.DataUtilitiesTest.java" OnceExecutedId="L3-1" OnceExecutedPrefix="org.jfree.data.test.DataUtilitiesTest.java" OptBodyExec="true">
                                                    <StmntSeq Intrnl_Id="127">
                                                        <LocList>
                                                            <Loc EndOffset="6732" SrcFileId="1" StartOffset="6590"/>
                                                        </LocList>
                                                        <BasicStmnt CovItemId="S71" CovItemPrefix="org.jfree.data.test.DataUtilitiesTest.java" Intrnl_Id="128">
                                                            <LocList>
                                                                <Loc EndOffset="6732" SrcFileId="1" StartOffset="6590"/>
                                                            </LocList>
                                                        </BasicStmnt>
                                                    </StmntSeq>
                                                    <Keyword EndOffset="6547" SrcFileId="1" StartOffset="6544"/>
                                                    <LocList>
                                                        <Loc EndOffset="6738" SrcFileId="1" StartOffset="6544"/>
                                                    </LocList>
                                                    <RootTerm CovItemId="C3" CovItemPrefix="org.jfree.data.test.DataUtilitiesTest.java" Intrnl_Id="129">
                                                        <BasicBoolTerm Intrnl_Id="130">
                                                            <LocList>
                                                                <Loc EndOffset="6576" SrcFileId="1" StartOffset="6559"/>
                                                            </LocList>
                                                        </BasicBoolTerm>
                                                    </RootTerm>
                                                </LoopStmnt>
                                            </StmntSeq>
                                            <Keyword EndOffset="6505" SrcFileId="1" StartOffset="6502"/>
                                            <LocList>
                                                <Loc EndOffset="6743" SrcFileId="1" StartOffset="6502"/>
                                            </LocList>
                                            <RootTerm CovItemId="C2" CovItemPrefix="org.jfree.data.test.DataUtilitiesTest.java" Intrnl_Id="131">
                                                <BasicBoolTerm Intrnl_Id="132">
                                                    <LocList>
                                                        <Loc EndOffset="6531" SrcFileId="1" StartOffset="6517"/>
                                                    </LocList>
                                                </BasicBoolTerm>
                                            </RootTerm>
                                        </LoopStmnt>
                                    </StmntSeq>
                                </HierarchyLvl>
                                <HierarchyLvl HierarchyLvlId="90" HierarchyLvlTypeId="5" Intrnl_Id="133" Name="null2DNumberArrayThrowsException">
                                    <Header>
                                        <Loc EndOffset="6852" SrcFileId="1" StartOffset="6753"/>
                                    </Header>
                                    <LocList>
                                        <Loc EndOffset="6925" SrcFileId="1" StartOffset="6753"/>
                                    </LocList>
                                    <StmntSeq Intrnl_Id="134">
                                        <LocList>
                                            <Loc EndOffset="6921" SrcFileId="1" StartOffset="6861"/>
                                        </LocList>
                                        <BasicStmnt CovItemId="S72" CovItemPrefix="org.jfree.data.test.DataUtilitiesTest.java" Intrnl_Id="135">
                                            <LocList>
                                                <Loc EndOffset="6921" SrcFileId="1" StartOffset="6861"/>
                                            </LocList>
                                        </BasicStmnt>
                                    </StmntSeq>
                                </HierarchyLvl>
                                <HierarchyLvl HierarchyLvlId="91" HierarchyLvlTypeId="5" Intrnl_Id="136" Name="createEmptySecondDimensionNumberArray2D">
                                    <Header>
                                        <Loc EndOffset="6992" SrcFileId="1" StartOffset="6931"/>
                                    </Header>
                                    <LocList>
                                        <Loc EndOffset="7223" SrcFileId="1" StartOffset="6931"/>
                                    </LocList>
                                    <StmntSeq Intrnl_Id="137">
                                        <LocList>
                                            <Loc EndOffset="7034" SrcFileId="1" StartOffset="7001"/>
                                            <Loc EndOffset="7097" SrcFileId="1" StartOffset="7038"/>
                                            <Loc EndOffset="7219" SrcFileId="1" StartOffset="7105"/>
                                        </LocList>
                                        <BasicStmnt CovItemId="S73" CovItemPrefix="org.jfree.data.test.DataUtilitiesTest.java" Intrnl_Id="138">
                                            <LocList>
                                                <Loc EndOffset="7034" SrcFileId="1" StartOffset="7001"/>
                                            </LocList>
                                        </BasicStmnt>
                                        <BasicStmnt CovItemId="S74" CovItemPrefix="org.jfree.data.test.DataUtilitiesTest.java" Intrnl_Id="139">
                                            <LocList>
                                                <Loc EndOffset="7097" SrcFileId="1" StartOffset="7038"/>
                                            </LocList>
                                        </BasicStmnt>
                                        <BasicStmnt CovItemId="S75" CovItemPrefix="org.jfree.data.test.DataUtilitiesTest.java" Intrnl_Id="140">
                                            <LocList>
                                                <Loc EndOffset="7219" SrcFileId="1" StartOffset="7105"/>
                                            </LocList>
                                        </BasicStmnt>
                                    </StmntSeq>
                                </HierarchyLvl>
                                <HierarchyLvl HierarchyLvlId="92" HierarchyLvlTypeId="5" Intrnl_Id="141" Name="createEmptyNumberArray2D">
                                    <Header>
                                        <Loc EndOffset="7275" SrcFileId="1" StartOffset="7229"/>
                                    </Header>
                                    <LocList>
                                        <Loc EndOffset="7509" SrcFileId="1" StartOffset="7229"/>
                                    </LocList>
                                    <StmntSeq Intrnl_Id="142">
                                        <LocList>
                                            <Loc EndOffset="7318" SrcFileId="1" StartOffset="7284"/>
                                            <Loc EndOffset="7381" SrcFileId="1" StartOffset="7322"/>
                                            <Loc EndOffset="7505" SrcFileId="1" StartOffset="7389"/>
                                        </LocList>
                                        <BasicStmnt CovItemId="S76" CovItemPrefix="org.jfree.data.test.DataUtilitiesTest.java" Intrnl_Id="143">
                                            <LocList>
                                                <Loc EndOffset="7318" SrcFileId="1" StartOffset="7284"/>
                                            </LocList>
                                        </BasicStmnt>
                                        <BasicStmnt CovItemId="S77" CovItemPrefix="org.jfree.data.test.DataUtilitiesTest.java" Intrnl_Id="144">
                                            <LocList>
                                                <Loc EndOffset="7381" SrcFileId="1" StartOffset="7322"/>
                                            </LocList>
                                        </BasicStmnt>
                                        <BasicStmnt CovItemId="S78" CovItemPrefix="org.jfree.data.test.DataUtilitiesTest.java" Intrnl_Id="145">
                                            <LocList>
                                                <Loc EndOffset="7505" SrcFileId="1" StartOffset="7389"/>
                                            </LocList>
                                        </BasicStmnt>
                                    </StmntSeq>
                                </HierarchyLvl>
                                <HierarchyLvl HierarchyLvlId="94" HierarchyLvlTypeId="5" Intrnl_Id="146" Name="ZeroKey_GetCumulativePercentages">
                                    <Header>
                                        <Loc EndOffset="7756" SrcFileId="1" StartOffset="7702"/>
                                    </Header>
                                    <LocList>
                                        <Loc EndOffset="9014" SrcFileId="1" StartOffset="7702"/>
                                    </LocList>
                                    <StmntSeq Intrnl_Id="147">
                                        <LocList>
                                            <Loc EndOffset="7795" SrcFileId="1" StartOffset="7762"/>
                                            <Loc EndOffset="7854" SrcFileId="1" StartOffset="7799"/>
                                            <Loc EndOffset="7899" SrcFileId="1" StartOffset="7882"/>
                                            <Loc EndOffset="8582" SrcFileId="1" StartOffset="8580"/>
                                            <Loc EndOffset="8669" SrcFileId="1" StartOffset="8601"/>
                                            <Loc EndOffset="8809" SrcFileId="1" StartOffset="8673"/>
                                            <Loc EndOffset="8854" SrcFileId="1" StartOffset="8813"/>
                                            <Loc EndOffset="9010" SrcFileId="1" StartOffset="8862"/>
                                        </LocList>
                                        <BasicStmnt CovItemId="S79" CovItemPrefix="org.jfree.data.test.DataUtilitiesTest.java" Intrnl_Id="148">
                                            <LocList>
                                                <Loc EndOffset="7795" SrcFileId="1" StartOffset="7762"/>
                                            </LocList>
                                        </BasicStmnt>
                                        <BasicStmnt CovItemId="S80" CovItemPrefix="org.jfree.data.test.DataUtilitiesTest.java" Intrnl_Id="149">
                                            <LocList>
                                                <Loc EndOffset="7854" SrcFileId="1" StartOffset="7799"/>
                                            </LocList>
                                        </BasicStmnt>
                                        <BasicStmnt CovItemId="S81" CovItemPrefix="org.jfree.data.test.DataUtilitiesTest.java" Intrnl_Id="150">
                                            <LocList>
                                                <Loc EndOffset="7899" SrcFileId="1" StartOffset="7882"/>
                                                <Loc EndOffset="8582" SrcFileId="1" StartOffset="8580"/>
                                            </LocList>
                                        </BasicStmnt>
                                        <BasicStmnt CovItemId="S96" CovItemPrefix="org.jfree.data.test.DataUtilitiesTest.java" Intrnl_Id="151">
                                            <LocList>
                                                <Loc EndOffset="8669" SrcFileId="1" StartOffset="8601"/>
                                            </LocList>
                                        </BasicStmnt>
                                        <BasicStmnt CovItemId="S97" CovItemPrefix="org.jfree.data.test.DataUtilitiesTest.java" Intrnl_Id="152">
                                            <LocList>
                                                <Loc EndOffset="8809" SrcFileId="1" StartOffset="8673"/>
                                            </LocList>
                                        </BasicStmnt>
                                        <BasicStmnt CovItemId="S98" CovItemPrefix="org.jfree.data.test.DataUtilitiesTest.java" Intrnl_Id="153">
                                            <LocList>
                                                <Loc EndOffset="8854" SrcFileId="1" StartOffset="8813"/>
                                            </LocList>
                                        </BasicStmnt>
                                        <BasicStmnt CovItemId="S99" CovItemPrefix="org.jfree.data.test.DataUtilitiesTest.java" Intrnl_Id="154">
                                            <LocList>
                                                <Loc EndOffset="9010" SrcFileId="1" StartOffset="8862"/>
                                            </LocList>
                                        </BasicStmnt>
                                    </StmntSeq>
                                    <HierarchyLvl HierarchyLvlId="93" HierarchyLvlTypeId="4" Intrnl_Id="155" Name="Expectations">
                                        <Header>
                                            <Loc EndOffset="7917" SrcFileId="1" StartOffset="7903"/>
                                        </Header>
                                        <LocList>
                                            <Loc EndOffset="8580" SrcFileId="1" StartOffset="7899"/>
                                        </LocList>
                                        <StmntSeq Intrnl_Id="156">
                                            <LocList>
                                                <Loc EndOffset="8070" SrcFileId="1" StartOffset="8036"/>
                                                <Loc EndOffset="8100" SrcFileId="1" StartOffset="8079"/>
                                                <Loc EndOffset="8163" SrcFileId="1" StartOffset="8134"/>
                                                <Loc EndOffset="8193" SrcFileId="1" StartOffset="8172"/>
                                                <Loc EndOffset="8231" SrcFileId="1" StartOffset="8202"/>
                                                <Loc EndOffset="8261" SrcFileId="1" StartOffset="8240"/>
                                                <Loc EndOffset="8299" SrcFileId="1" StartOffset="8270"/>
                                                <Loc EndOffset="8329" SrcFileId="1" StartOffset="8308"/>
                                                <Loc EndOffset="8396" SrcFileId="1" StartOffset="8365"/>
                                                <Loc EndOffset="8426" SrcFileId="1" StartOffset="8405"/>
                                                <Loc EndOffset="8466" SrcFileId="1" StartOffset="8435"/>
                                                <Loc EndOffset="8496" SrcFileId="1" StartOffset="8475"/>
                                                <Loc EndOffset="8536" SrcFileId="1" StartOffset="8505"/>
                                                <Loc EndOffset="8566" SrcFileId="1" StartOffset="8545"/>
                                            </LocList>
                                            <BasicStmnt CovItemId="S82" CovItemPrefix="org.jfree.data.test.DataUtilitiesTest.java" Intrnl_Id="157">
                                                <LocList>
                                                    <Loc EndOffset="8070" SrcFileId="1" StartOffset="8036"/>
                                                </LocList>
                                            </BasicStmnt>
                                            <BasicStmnt CovItemId="S83" CovItemPrefix="org.jfree.data.test.DataUtilitiesTest.java" Intrnl_Id="158">
                                                <LocList>
                                                    <Loc EndOffset="8100" SrcFileId="1" StartOffset="8079"/>
                                                </LocList>
                                            </BasicStmnt>
                                            <BasicStmnt CovItemId="S84" CovItemPrefix="org.jfree.data.test.DataUtilitiesTest.java" Intrnl_Id="159">
                                                <LocList>
                                                    <Loc EndOffset="8163" SrcFileId="1" StartOffset="8134"/>
                                                </LocList>
                                            </BasicStmnt>
                                            <BasicStmnt CovItemId="S85" CovItemPrefix="org.jfree.data.test.DataUtilitiesTest.java" Intrnl_Id="160">
                                                <LocList>
                                                    <Loc EndOffset="8193" SrcFileId="1" StartOffset="8172"/>
                                                </LocList>
                                            </BasicStmnt>
                                            <BasicStmnt CovItemId="S86" CovItemPrefix="org.jfree.data.test.DataUtilitiesTest.java" Intrnl_Id="161">
                                                <LocList>
                                                    <Loc EndOffset="8231" SrcFileId="1" StartOffset="8202"/>
                                                </LocList>
                                            </BasicStmnt>
                                            <BasicStmnt CovItemId="S87" CovItemPrefix="org.jfree.data.test.DataUtilitiesTest.java" Intrnl_Id="162">
                                                <LocList>
                                                    <Loc EndOffset="8261" SrcFileId="1" StartOffset="8240"/>
                                                </LocList>
                                            </BasicStmnt>
                                            <BasicStmnt CovItemId="S88" CovItemPrefix="org.jfree.data.test.DataUtilitiesTest.java" Intrnl_Id="163">
                                                <LocList>
                                                    <Loc EndOffset="8299" SrcFileId="1" StartOffset="8270"/>
                                                </LocList>
                                            </BasicStmnt>
                                            <BasicStmnt CovItemId="S89" CovItemPrefix="org.jfree.data.test.DataUtilitiesTest.java" Intrnl_Id="164">
                                                <LocList>
                                                    <Loc EndOffset="8329" SrcFileId="1" StartOffset="8308"/>
                                                </LocList>
                                            </BasicStmnt>
                                            <BasicStmnt CovItemId="S90" CovItemPrefix="org.jfree.data.test.DataUtilitiesTest.java" Intrnl_Id="165">
                                                <LocList>
                                                    <Loc EndOffset="8396" SrcFileId="1" StartOffset="8365"/>
                                                </LocList>
                                            </BasicStmnt>
                                            <BasicStmnt CovItemId="S91" CovItemPrefix="org.jfree.data.test.DataUtilitiesTest.java" Intrnl_Id="166">
                                                <LocList>
                                                    <Loc EndOffset="8426" SrcFileId="1" StartOffset="8405"/>
                                                </LocList>
                                            </BasicStmnt>
                                            <BasicStmnt CovItemId="S92" CovItemPrefix="org.jfree.data.test.DataUtilitiesTest.java" Intrnl_Id="167">
                                                <LocList>
                                                    <Loc EndOffset="8466" SrcFileId="1" StartOffset="8435"/>
                                                </LocList>
                                            </BasicStmnt>
                                            <BasicStmnt CovItemId="S93" CovItemPrefix="org.jfree.data.test.DataUtilitiesTest.java" Intrnl_Id="168">
                                                <LocList>
                                                    <Loc EndOffset="8496" SrcFileId="1" StartOffset="8475"/>
                                                </LocList>
                                            </BasicStmnt>
                                            <BasicStmnt CovItemId="S94" CovItemPrefix="org.jfree.data.test.DataUtilitiesTest.java" Intrnl_Id="169">
                                                <LocList>
                                                    <Loc EndOffset="8536" SrcFileId="1" StartOffset="8505"/>
                                                </LocList>
                                            </BasicStmnt>
                                            <BasicStmnt CovItemId="S95" CovItemPrefix="org.jfree.data.test.DataUtilitiesTest.java" Intrnl_Id="170">
                                                <LocList>
                                                    <Loc EndOffset="8566" SrcFileId="1" StartOffset="8545"/>
                                                </LocList>
                                            </BasicStmnt>
                                        </StmntSeq>
                                    </HierarchyLvl>
                                </HierarchyLvl>
                                <HierarchyLvl HierarchyLvlId="96" HierarchyLvlTypeId="5" Intrnl_Id="171" Name="StringKeys_GetCumulativePercentages">
                                    <Header>
                                        <Loc EndOffset="9077" SrcFileId="1" StartOffset="9020"/>
                                    </Header>
                                    <LocList>
                                        <Loc EndOffset="10643" SrcFileId="1" StartOffset="9020"/>
                                    </LocList>
                                    <StmntSeq Intrnl_Id="172">
                                        <LocList>
                                            <Loc EndOffset="9116" SrcFileId="1" StartOffset="9083"/>
                                            <Loc EndOffset="9175" SrcFileId="1" StartOffset="9120"/>
                                            <Loc EndOffset="9220" SrcFileId="1" StartOffset="9203"/>
                                            <Loc EndOffset="10211" SrcFileId="1" StartOffset="10209"/>
                                            <Loc EndOffset="10298" SrcFileId="1" StartOffset="10230"/>
                                            <Loc EndOffset="10438" SrcFileId="1" StartOffset="10302"/>
                                            <Loc EndOffset="10483" SrcFileId="1" StartOffset="10442"/>
                                            <Loc EndOffset="10639" SrcFileId="1" StartOffset="10491"/>
                                        </LocList>
                                        <BasicStmnt CovItemId="S100" CovItemPrefix="org.jfree.data.test.DataUtilitiesTest.java" Intrnl_Id="173">
                                            <LocList>
                                                <Loc EndOffset="9116" SrcFileId="1" StartOffset="9083"/>
                                            </LocList>
                                        </BasicStmnt>
                                        <BasicStmnt CovItemId="S101" CovItemPrefix="org.jfree.data.test.DataUtilitiesTest.java" Intrnl_Id="174">
                                            <LocList>
                                                <Loc EndOffset="9175" SrcFileId="1" StartOffset="9120"/>
                                            </LocList>
                                        </BasicStmnt>
                                        <BasicStmnt CovItemId="S102" CovItemPrefix="org.jfree.data.test.DataUtilitiesTest.java" Intrnl_Id="175">
                                            <LocList>
                                                <Loc EndOffset="9220" SrcFileId="1" StartOffset="9203"/>
                                                <Loc EndOffset="10211" SrcFileId="1" StartOffset="10209"/>
                                            </LocList>
                                        </BasicStmnt>
                                        <BasicStmnt CovItemId="S123" CovItemPrefix="org.jfree.data.test.DataUtilitiesTest.java" Intrnl_Id="176">
                                            <LocList>
                                                <Loc EndOffset="10298" SrcFileId="1" StartOffset="10230"/>
                                            </LocList>
                                        </BasicStmnt>
                                        <BasicStmnt CovItemId="S124" CovItemPrefix="org.jfree.data.test.DataUtilitiesTest.java" Intrnl_Id="177">
                                            <LocList>
                                                <Loc EndOffset="10438" SrcFileId="1" StartOffset="10302"/>
                                            </LocList>
                                        </BasicStmnt>
                                        <BasicStmnt CovItemId="S125" CovItemPrefix="org.jfree.data.test.DataUtilitiesTest.java" Intrnl_Id="178">
                                            <LocList>
                                                <Loc EndOffset="10483" SrcFileId="1" StartOffset="10442"/>
                                            </LocList>
                                        </BasicStmnt>
                                        <BasicStmnt CovItemId="S126" CovItemPrefix="org.jfree.data.test.DataUtilitiesTest.java" Intrnl_Id="179">
                                            <LocList>
                                                <Loc EndOffset="10639" SrcFileId="1" StartOffset="10491"/>
                                            </LocList>
                                        </BasicStmnt>
                                    </StmntSeq>
                                    <HierarchyLvl HierarchyLvlId="95" HierarchyLvlTypeId="4" Intrnl_Id="180" Name="Expectations">
                                        <Header>
                                            <Loc EndOffset="9238" SrcFileId="1" StartOffset="9224"/>
                                        </Header>
                                        <LocList>
                                            <Loc EndOffset="10209" SrcFileId="1" StartOffset="9220"/>
                                        </LocList>
                                        <StmntSeq Intrnl_Id="181">
                                            <LocList>
                                                <Loc EndOffset="9391" SrcFileId="1" StartOffset="9357"/>
                                                <Loc EndOffset="9421" SrcFileId="1" StartOffset="9400"/>
                                                <Loc EndOffset="9484" SrcFileId="1" StartOffset="9455"/>
                                                <Loc EndOffset="9519" SrcFileId="1" StartOffset="9493"/>
                                                <Loc EndOffset="9557" SrcFileId="1" StartOffset="9528"/>
                                                <Loc EndOffset="9592" SrcFileId="1" StartOffset="9566"/>
                                                <Loc EndOffset="9630" SrcFileId="1" StartOffset="9601"/>
                                                <Loc EndOffset="9665" SrcFileId="1" StartOffset="9639"/>
                                                <Loc EndOffset="9737" SrcFileId="1" StartOffset="9701"/>
                                                <Loc EndOffset="9767" SrcFileId="1" StartOffset="9746"/>
                                                <Loc EndOffset="9812" SrcFileId="1" StartOffset="9776"/>
                                                <Loc EndOffset="9842" SrcFileId="1" StartOffset="9821"/>
                                                <Loc EndOffset="9887" SrcFileId="1" StartOffset="9851"/>
                                                <Loc EndOffset="9917" SrcFileId="1" StartOffset="9896"/>
                                                <Loc EndOffset="10007" SrcFileId="1" StartOffset="9976"/>
                                                <Loc EndOffset="10040" SrcFileId="1" StartOffset="10016"/>
                                                <Loc EndOffset="10080" SrcFileId="1" StartOffset="10049"/>
                                                <Loc EndOffset="10113" SrcFileId="1" StartOffset="10089"/>
                                                <Loc EndOffset="10153" SrcFileId="1" StartOffset="10122"/>
                                                <Loc EndOffset="10186" SrcFileId="1" StartOffset="10162"/>
                                            </LocList>
                                            <BasicStmnt CovItemId="S103" CovItemPrefix="org.jfree.data.test.DataUtilitiesTest.java" Intrnl_Id="182">
                                                <LocList>
                                                    <Loc EndOffset="9391" SrcFileId="1" StartOffset="9357"/>
                                                </LocList>
                                            </BasicStmnt>
                                            <BasicStmnt CovItemId="S104" CovItemPrefix="org.jfree.data.test.DataUtilitiesTest.java" Intrnl_Id="183">
                                                <LocList>
                                                    <Loc EndOffset="9421" SrcFileId="1" StartOffset="9400"/>
                                                </LocList>
                                            </BasicStmnt>
                                            <BasicStmnt CovItemId="S105" CovItemPrefix="org.jfree.data.test.DataUtilitiesTest.java" Intrnl_Id="184">
                                                <LocList>
                                                    <Loc EndOffset="9484" SrcFileId="1" StartOffset="9455"/>
                                                </LocList>
                                            </BasicStmnt>
                                            <BasicStmnt CovItemId="S106" CovItemPrefix="org.jfree.data.test.DataUtilitiesTest.java" Intrnl_Id="185">
                                                <LocList>
                                                    <Loc EndOffset="9519" SrcFileId="1" StartOffset="9493"/>
                                                </LocList>
                                            </BasicStmnt>
                                            <BasicStmnt CovItemId="S107" CovItemPrefix="org.jfree.data.test.DataUtilitiesTest.java" Intrnl_Id="186">
                                                <LocList>
                                                    <Loc EndOffset="9557" SrcFileId="1" StartOffset="9528"/>
                                                </LocList>
                                            </BasicStmnt>
                                            <BasicStmnt CovItemId="S108" CovItemPrefix="org.jfree.data.test.DataUtilitiesTest.java" Intrnl_Id="187">
                                                <LocList>
                                                    <Loc EndOffset="9592" SrcFileId="1" StartOffset="9566"/>
                                                </LocList>
                                            </BasicStmnt>
                                            <BasicStmnt CovItemId="S109" CovItemPrefix="org.jfree.data.test.DataUtilitiesTest.java" Intrnl_Id="188">
                                                <LocList>
                                                    <Loc EndOffset="9630" SrcFileId="1" StartOffset="9601"/>
                                                </LocList>
                                            </BasicStmnt>
                                            <BasicStmnt CovItemId="S110" CovItemPrefix="org.jfree.data.test.DataUtilitiesTest.java" Intrnl_Id="189">
                                                <LocList>
                                                    <Loc EndOffset="9665" SrcFileId="1" StartOffset="9639"/>
                                                </LocList>
                                            </BasicStmnt>
                                            <BasicStmnt CovItemId="S111" CovItemPrefix="org.jfree.data.test.DataUtilitiesTest.java" Intrnl_Id="190">
                                                <LocList>
                                                    <Loc EndOffset="9737" SrcFileId="1" StartOffset="9701"/>
                                                </LocList>
                                            </BasicStmnt>
                                            <BasicStmnt CovItemId="S112" CovItemPrefix="org.jfree.data.test.DataUtilitiesTest.java" Intrnl_Id="191">
                                                <LocList>
                                                    <Loc EndOffset="9767" SrcFileId="1" StartOffset="9746"/>
                                                </LocList>
                                            </BasicStmnt>
                                            <BasicStmnt CovItemId="S113" CovItemPrefix="org.jfree.data.test.DataUtilitiesTest.java" Intrnl_Id="192">
                                                <LocList>
                                                    <Loc EndOffset="9812" SrcFileId="1" StartOffset="9776"/>
                                                </LocList>
                                            </BasicStmnt>
                                            <BasicStmnt CovItemId="S114" CovItemPrefix="org.jfree.data.test.DataUtilitiesTest.java" Intrnl_Id="193">
                                                <LocList>
                                                    <Loc EndOffset="9842" SrcFileId="1" StartOffset="9821"/>
                                                </LocList>
                                            </BasicStmnt>
                                            <BasicStmnt CovItemId="S115" CovItemPrefix="org.jfree.data.test.DataUtilitiesTest.java" Intrnl_Id="194">
                                                <LocList>
                                                    <Loc EndOffset="9887" SrcFileId="1" StartOffset="9851"/>
                                                </LocList>
                                            </BasicStmnt>
                                            <BasicStmnt CovItemId="S116" CovItemPrefix="org.jfree.data.test.DataUtilitiesTest.java" Intrnl_Id="195">
                                                <LocList>
                                                    <Loc EndOffset="9917" SrcFileId="1" StartOffset="9896"/>
                                                </LocList>
                                            </BasicStmnt>
                                            <BasicStmnt CovItemId="S117" CovItemPrefix="org.jfree.data.test.DataUtilitiesTest.java" Intrnl_Id="196">
                                                <LocList>
                                                    <Loc EndOffset="10007" SrcFileId="1" StartOffset="9976"/>
                                                </LocList>
                                            </BasicStmnt>
                                            <BasicStmnt CovItemId="S118" CovItemPrefix="org.jfree.data.test.DataUtilitiesTest.java" Intrnl_Id="197">
                                                <LocList>
                                                    <Loc EndOffset="10040" SrcFileId="1" StartOffset="10016"/>
                                                </LocList>
                                            </BasicStmnt>
                                            <BasicStmnt CovItemId="S119" CovItemPrefix="org.jfree.data.test.DataUtilitiesTest.java" Intrnl_Id="198">
                                                <LocList>
                                                    <Loc EndOffset="10080" SrcFileId="1" StartOffset="10049"/>
                                                </LocList>
                                            </BasicStmnt>
                                            <BasicStmnt CovItemId="S120" CovItemPrefix="org.jfree.data.test.DataUtilitiesTest.java" Intrnl_Id="199">
                                                <LocList>
                                                    <Loc EndOffset="10113" SrcFileId="1" StartOffset="10089"/>
                                                </LocList>
                                            </BasicStmnt>
                                            <BasicStmnt CovItemId="S121" CovItemPrefix="org.jfree.data.test.DataUtilitiesTest.java" Intrnl_Id="200">
                                                <LocList>
                                                    <Loc EndOffset="10153" SrcFileId="1" StartOffset="10122"/>
                                                </LocList>
                                            </BasicStmnt>
                                            <BasicStmnt CovItemId="S122" CovItemPrefix="org.jfree.data.test.DataUtilitiesTest.java" Intrnl_Id="201">
                                                <LocList>
                                                    <Loc EndOffset="10186" SrcFileId="1" StartOffset="10162"/>
                                                </LocList>
                                            </BasicStmnt>
                                        </StmntSeq>
                                    </HierarchyLvl>
                                </HierarchyLvl>
                                <HierarchyLvl HierarchyLvlId="98" HierarchyLvlTypeId="5" Intrnl_Id="202" Name="NoZeroKey_GetCumulativePercentages">
                                    <Header>
                                        <Loc EndOffset="10705" SrcFileId="1" StartOffset="10649"/>
                                    </Header>
                                    <LocList>
                                        <Loc EndOffset="11991" SrcFileId="1" StartOffset="10649"/>
                                    </LocList>
                                    <StmntSeq Intrnl_Id="203">
                                        <LocList>
                                            <Loc EndOffset="10744" SrcFileId="1" StartOffset="10711"/>
                                            <Loc EndOffset="10803" SrcFileId="1" StartOffset="10748"/>
                                            <Loc EndOffset="10848" SrcFileId="1" StartOffset="10831"/>
                                            <Loc EndOffset="11604" SrcFileId="1" StartOffset="11602"/>
                                            <Loc EndOffset="11691" SrcFileId="1" StartOffset="11623"/>
                                            <Loc EndOffset="11795" SrcFileId="1" StartOffset="11695"/>
                                            <Loc EndOffset="11831" SrcFileId="1" StartOffset="11799"/>
                                            <Loc EndOffset="11987" SrcFileId="1" StartOffset="11839"/>
                                        </LocList>
                                        <BasicStmnt CovItemId="S127" CovItemPrefix="org.jfree.data.test.DataUtilitiesTest.java" Intrnl_Id="204">
                                            <LocList>
                                                <Loc EndOffset="10744" SrcFileId="1" StartOffset="10711"/>
                                            </LocList>
                                        </BasicStmnt>
                                        <BasicStmnt CovItemId="S128" CovItemPrefix="org.jfree.data.test.DataUtilitiesTest.java" Intrnl_Id="205">
                                            <LocList>
                                                <Loc EndOffset="10803" SrcFileId="1" StartOffset="10748"/>
                                            </LocList>
                                        </BasicStmnt>
                                        <BasicStmnt CovItemId="S129" CovItemPrefix="org.jfree.data.test.DataUtilitiesTest.java" Intrnl_Id="206">
                                            <LocList>
                                                <Loc EndOffset="10848" SrcFileId="1" StartOffset="10831"/>
                                                <Loc EndOffset="11604" SrcFileId="1" StartOffset="11602"/>
                                            </LocList>
                                        </BasicStmnt>
                                        <BasicStmnt CovItemId="S144" CovItemPrefix="org.jfree.data.test.DataUtilitiesTest.java" Intrnl_Id="207">
                                            <LocList>
                                                <Loc EndOffset="11691" SrcFileId="1" StartOffset="11623"/>
                                            </LocList>
                                        </BasicStmnt>
                                        <BasicStmnt CovItemId="S145" CovItemPrefix="org.jfree.data.test.DataUtilitiesTest.java" Intrnl_Id="208">
                                            <LocList>
                                                <Loc EndOffset="11795" SrcFileId="1" StartOffset="11695"/>
                                            </LocList>
                                        </BasicStmnt>
                                        <BasicStmnt CovItemId="S146" CovItemPrefix="org.jfree.data.test.DataUtilitiesTest.java" Intrnl_Id="209">
                                            <LocList>
                                                <Loc EndOffset="11831" SrcFileId="1" StartOffset="11799"/>
                                            </LocList>
                                        </BasicStmnt>
                                        <BasicStmnt CovItemId="S147" CovItemPrefix="org.jfree.data.test.DataUtilitiesTest.java" Intrnl_Id="210">
                                            <LocList>
                                                <Loc EndOffset="11987" SrcFileId="1" StartOffset="11839"/>
                                            </LocList>
                                        </BasicStmnt>
                                    </StmntSeq>
                                    <HierarchyLvl HierarchyLvlId="97" HierarchyLvlTypeId="4" Intrnl_Id="211" Name="Expectations">
                                        <Header>
                                            <Loc EndOffset="10866" SrcFileId="1" StartOffset="10852"/>
                                        </Header>
                                        <LocList>
                                            <Loc EndOffset="11602" SrcFileId="1" StartOffset="10848"/>
                                        </LocList>
                                        <StmntSeq Intrnl_Id="212">
                                            <LocList>
                                                <Loc EndOffset="11019" SrcFileId="1" StartOffset="10985"/>
                                                <Loc EndOffset="11049" SrcFileId="1" StartOffset="11028"/>
                                                <Loc EndOffset="11112" SrcFileId="1" StartOffset="11083"/>
                                                <Loc EndOffset="11143" SrcFileId="1" StartOffset="11121"/>
                                                <Loc EndOffset="11181" SrcFileId="1" StartOffset="11152"/>
                                                <Loc EndOffset="11213" SrcFileId="1" StartOffset="11190"/>
                                                <Loc EndOffset="11281" SrcFileId="1" StartOffset="11249"/>
                                                <Loc EndOffset="11311" SrcFileId="1" StartOffset="11290"/>
                                                <Loc EndOffset="11353" SrcFileId="1" StartOffset="11320"/>
                                                <Loc EndOffset="11383" SrcFileId="1" StartOffset="11362"/>
                                                <Loc EndOffset="11473" SrcFileId="1" StartOffset="11442"/>
                                                <Loc EndOffset="11506" SrcFileId="1" StartOffset="11482"/>
                                                <Loc EndOffset="11546" SrcFileId="1" StartOffset="11515"/>
                                                <Loc EndOffset="11579" SrcFileId="1" StartOffset="11555"/>
                                            </LocList>
                                            <BasicStmnt CovItemId="S130" CovItemPrefix="org.jfree.data.test.DataUtilitiesTest.java" Intrnl_Id="213">
                                                <LocList>
                                                    <Loc EndOffset="11019" SrcFileId="1" StartOffset="10985"/>
                                                </LocList>
                                            </BasicStmnt>
                                            <BasicStmnt CovItemId="S131" CovItemPrefix="org.jfree.data.test.DataUtilitiesTest.java" Intrnl_Id="214">
                                                <LocList>
                                                    <Loc EndOffset="11049" SrcFileId="1" StartOffset="11028"/>
                                                </LocList>
                                            </BasicStmnt>
                                            <BasicStmnt CovItemId="S132" CovItemPrefix="org.jfree.data.test.DataUtilitiesTest.java" Intrnl_Id="215">
                                                <LocList>
                                                    <Loc EndOffset="11112" SrcFileId="1" StartOffset="11083"/>
                                                </LocList>
                                            </BasicStmnt>
                                            <BasicStmnt CovItemId="S133" CovItemPrefix="org.jfree.data.test.DataUtilitiesTest.java" Intrnl_Id="216">
                                                <LocList>
                                                    <Loc EndOffset="11143" SrcFileId="1" StartOffset="11121"/>
                                                </LocList>
                                            </BasicStmnt>
                                            <BasicStmnt CovItemId="S134" CovItemPrefix="org.jfree.data.test.DataUtilitiesTest.java" Intrnl_Id="217">
                                                <LocList>
                                                    <Loc EndOffset="11181" SrcFileId="1" StartOffset="11152"/>
                                                </LocList>
                                            </BasicStmnt>
                                            <BasicStmnt CovItemId="S135" CovItemPrefix="org.jfree.data.test.DataUtilitiesTest.java" Intrnl_Id="218">
                                                <LocList>
                                                    <Loc EndOffset="11213" SrcFileId="1" StartOffset="11190"/>
                                                </LocList>
                                            </BasicStmnt>
                                            <BasicStmnt CovItemId="S136" CovItemPrefix="org.jfree.data.test.DataUtilitiesTest.java" Intrnl_Id="219">
                                                <LocList>
                                                    <Loc EndOffset="11281" SrcFileId="1" StartOffset="11249"/>
                                                </LocList>
                                            </BasicStmnt>
                                            <BasicStmnt CovItemId="S137" CovItemPrefix="org.jfree.data.test.DataUtilitiesTest.java" Intrnl_Id="220">
                                                <LocList>
                                                    <Loc EndOffset="11311" SrcFileId="1" StartOffset="11290"/>
                                                </LocList>
                                            </BasicStmnt>
                                            <BasicStmnt CovItemId="S138" CovItemPrefix="org.jfree.data.test.DataUtilitiesTest.java" Intrnl_Id="221">
                                                <LocList>
                                                    <Loc EndOffset="11353" SrcFileId="1" StartOffset="11320"/>
                                                </LocList>
                                            </BasicStmnt>
                                            <BasicStmnt CovItemId="S139" CovItemPrefix="org.jfree.data.test.DataUtilitiesTest.java" Intrnl_Id="222">
                                                <LocList>
                                                    <Loc EndOffset="11383" SrcFileId="1" StartOffset="11362"/>
                                                </LocList>
                                            </BasicStmnt>
                                            <BasicStmnt CovItemId="S140" CovItemPrefix="org.jfree.data.test.DataUtilitiesTest.java" Intrnl_Id="223">
                                                <LocList>
                                                    <Loc EndOffset="11473" SrcFileId="1" StartOffset="11442"/>
                                                </LocList>
                                            </BasicStmnt>
                                            <BasicStmnt CovItemId="S141" CovItemPrefix="org.jfree.data.test.DataUtilitiesTest.java" Intrnl_Id="224">
                                                <LocList>
                                                    <Loc EndOffset="11506" SrcFileId="1" StartOffset="11482"/>
                                                </LocList>
                                            </BasicStmnt>
                                            <BasicStmnt CovItemId="S142" CovItemPrefix="org.jfree.data.test.DataUtilitiesTest.java" Intrnl_Id="225">
                                                <LocList>
                                                    <Loc EndOffset="11546" SrcFileId="1" StartOffset="11515"/>
                                                </LocList>
                                            </BasicStmnt>
                                            <BasicStmnt CovItemId="S143" CovItemPrefix="org.jfree.data.test.DataUtilitiesTest.java" Intrnl_Id="226">
                                                <LocList>
                                                    <Loc EndOffset="11579" SrcFileId="1" StartOffset="11555"/>
                                                </LocList>
                                            </BasicStmnt>
                                        </StmntSeq>
                                    </HierarchyLvl>
                                </HierarchyLvl>
                                <HierarchyLvl HierarchyLvlId="100" HierarchyLvlTypeId="5" Intrnl_Id="227" Name="SizeFive_GetCumulativePercentages">
                                    <Header>
                                        <Loc EndOffset="12052" SrcFileId="1" StartOffset="11997"/>
                                    </Header>
                                    <LocList>
                                        <Loc EndOffset="13743" SrcFileId="1" StartOffset="11997"/>
                                    </LocList>
                                    <StmntSeq Intrnl_Id="228">
                                        <LocList>
                                            <Loc EndOffset="12091" SrcFileId="1" StartOffset="12058"/>
                                            <Loc EndOffset="12150" SrcFileId="1" StartOffset="12095"/>
                                            <Loc EndOffset="12195" SrcFileId="1" StartOffset="12178"/>
                                            <Loc EndOffset="13227" SrcFileId="1" StartOffset="13225"/>
                                            <Loc EndOffset="13314" SrcFileId="1" StartOffset="13246"/>
                                            <Loc EndOffset="13528" SrcFileId="1" StartOffset="13318"/>
                                            <Loc EndOffset="13583" SrcFileId="1" StartOffset="13532"/>
                                            <Loc EndOffset="13739" SrcFileId="1" StartOffset="13591"/>
                                        </LocList>
                                        <BasicStmnt CovItemId="S148" CovItemPrefix="org.jfree.data.test.DataUtilitiesTest.java" Intrnl_Id="229">
                                            <LocList>
                                                <Loc EndOffset="12091" SrcFileId="1" StartOffset="12058"/>
                                            </LocList>
                                        </BasicStmnt>
                                        <BasicStmnt CovItemId="S149" CovItemPrefix="org.jfree.data.test.DataUtilitiesTest.java" Intrnl_Id="230">
                                            <LocList>
                                                <Loc EndOffset="12150" SrcFileId="1" StartOffset="12095"/>
                                            </LocList>
                                        </BasicStmnt>
                                        <BasicStmnt CovItemId="S150" CovItemPrefix="org.jfree.data.test.DataUtilitiesTest.java" Intrnl_Id="231">
                                            <LocList>
                                                <Loc EndOffset="12195" SrcFileId="1" StartOffset="12178"/>
                                                <Loc EndOffset="13227" SrcFileId="1" StartOffset="13225"/>
                                            </LocList>
                                        </BasicStmnt>
                                        <BasicStmnt CovItemId="S175" CovItemPrefix="org.jfree.data.test.DataUtilitiesTest.java" Intrnl_Id="232">
                                            <LocList>
                                                <Loc EndOffset="13314" SrcFileId="1" StartOffset="13246"/>
                                            </LocList>
                                        </BasicStmnt>
                                        <BasicStmnt CovItemId="S176" CovItemPrefix="org.jfree.data.test.DataUtilitiesTest.java" Intrnl_Id="233">
                                            <LocList>
                                                <Loc EndOffset="13528" SrcFileId="1" StartOffset="13318"/>
                                            </LocList>
                                        </BasicStmnt>
                                        <BasicStmnt CovItemId="S177" CovItemPrefix="org.jfree.data.test.DataUtilitiesTest.java" Intrnl_Id="234">
                                            <LocList>
                                                <Loc EndOffset="13583" SrcFileId="1" StartOffset="13532"/>
                                            </LocList>
                                        </BasicStmnt>
                                        <BasicStmnt CovItemId="S178" CovItemPrefix="org.jfree.data.test.DataUtilitiesTest.java" Intrnl_Id="235">
                                            <LocList>
                                                <Loc EndOffset="13739" SrcFileId="1" StartOffset="13591"/>
                                            </LocList>
                                        </BasicStmnt>
                                    </StmntSeq>
                                    <HierarchyLvl HierarchyLvlId="99" HierarchyLvlTypeId="4" Intrnl_Id="236" Name="Expectations">
                                        <Header>
                                            <Loc EndOffset="12213" SrcFileId="1" StartOffset="12199"/>
                                        </Header>
                                        <LocList>
                                            <Loc EndOffset="13225" SrcFileId="1" StartOffset="12195"/>
                                        </LocList>
                                        <StmntSeq Intrnl_Id="237">
                                            <LocList>
                                                <Loc EndOffset="12366" SrcFileId="1" StartOffset="12332"/>
                                                <Loc EndOffset="12396" SrcFileId="1" StartOffset="12375"/>
                                                <Loc EndOffset="12459" SrcFileId="1" StartOffset="12430"/>
                                                <Loc EndOffset="12489" SrcFileId="1" StartOffset="12468"/>
                                                <Loc EndOffset="12527" SrcFileId="1" StartOffset="12498"/>
                                                <Loc EndOffset="12557" SrcFileId="1" StartOffset="12536"/>
                                                <Loc EndOffset="12595" SrcFileId="1" StartOffset="12566"/>
                                                <Loc EndOffset="12625" SrcFileId="1" StartOffset="12604"/>
                                                <Loc EndOffset="12663" SrcFileId="1" StartOffset="12634"/>
                                                <Loc EndOffset="12693" SrcFileId="1" StartOffset="12672"/>
                                                <Loc EndOffset="12731" SrcFileId="1" StartOffset="12702"/>
                                                <Loc EndOffset="12761" SrcFileId="1" StartOffset="12740"/>
                                                <Loc EndOffset="12828" SrcFileId="1" StartOffset="12797"/>
                                                <Loc EndOffset="12858" SrcFileId="1" StartOffset="12837"/>
                                                <Loc EndOffset="12898" SrcFileId="1" StartOffset="12867"/>
                                                <Loc EndOffset="12928" SrcFileId="1" StartOffset="12907"/>
                                                <Loc EndOffset="12968" SrcFileId="1" StartOffset="12937"/>
                                                <Loc EndOffset="12998" SrcFileId="1" StartOffset="12977"/>
                                                <Loc EndOffset="13038" SrcFileId="1" StartOffset="13007"/>
                                                <Loc EndOffset="13068" SrcFileId="1" StartOffset="13047"/>
                                                <Loc EndOffset="13108" SrcFileId="1" StartOffset="13077"/>
                                                <Loc EndOffset="13138" SrcFileId="1" StartOffset="13117"/>
                                                <Loc EndOffset="13178" SrcFileId="1" StartOffset="13147"/>
                                                <Loc EndOffset="13211" SrcFileId="1" StartOffset="13187"/>
                                            </LocList>
                                            <BasicStmnt CovItemId="S151" CovItemPrefix="org.jfree.data.test.DataUtilitiesTest.java" Intrnl_Id="238">
                                                <LocList>
                                                    <Loc EndOffset="12366" SrcFileId="1" StartOffset="12332"/>
                                                </LocList>
                                            </BasicStmnt>
                                            <BasicStmnt CovItemId="S152" CovItemPrefix="org.jfree.data.test.DataUtilitiesTest.java" Intrnl_Id="239">
                                                <LocList>
                                                    <Loc EndOffset="12396" SrcFileId="1" StartOffset="12375"/>
                                                </LocList>
                                            </BasicStmnt>
                                            <BasicStmnt CovItemId="S153" CovItemPrefix="org.jfree.data.test.DataUtilitiesTest.java" Intrnl_Id="240">
                                                <LocList>
                                                    <Loc EndOffset="12459" SrcFileId="1" StartOffset="12430"/>
                                                </LocList>
                                            </BasicStmnt>
                                            <BasicStmnt CovItemId="S154" CovItemPrefix="org.jfree.data.test.DataUtilitiesTest.java" Intrnl_Id="241">
                                                <LocList>
                                                    <Loc EndOffset="12489" SrcFileId="1" StartOffset="12468"/>
                                                </LocList>
                                            </BasicStmnt>
                                            <BasicStmnt CovItemId="S155" CovItemPrefix="org.jfree.data.test.DataUtilitiesTest.java" Intrnl_Id="242">
                                                <LocList>
                                                    <Loc EndOffset="12527" SrcFileId="1" StartOffset="12498"/>
                                                </LocList>
                                            </BasicStmnt>
                                            <BasicStmnt CovItemId="S156" CovItemPrefix="org.jfree.data.test.DataUtilitiesTest.java" Intrnl_Id="243">
                                                <LocList>
                                                    <Loc EndOffset="12557" SrcFileId="1" StartOffset="12536"/>
                                                </LocList>
                                            </BasicStmnt>
                                            <BasicStmnt CovItemId="S157" CovItemPrefix="org.jfree.data.test.DataUtilitiesTest.java" Intrnl_Id="244">
                                                <LocList>
                                                    <Loc EndOffset="12595" SrcFileId="1" StartOffset="12566"/>
                                                </LocList>
                                            </BasicStmnt>
                                            <BasicStmnt CovItemId="S158" CovItemPrefix="org.jfree.data.test.DataUtilitiesTest.java" Intrnl_Id="245">
                                                <LocList>
                                                    <Loc EndOffset="12625" SrcFileId="1" StartOffset="12604"/>
                                                </LocList>
                                            </BasicStmnt>
                                            <BasicStmnt CovItemId="S159" CovItemPrefix="org.jfree.data.test.DataUtilitiesTest.java" Intrnl_Id="246">
                                                <LocList>
                                                    <Loc EndOffset="12663" SrcFileId="1" StartOffset="12634"/>
                                                </LocList>
                                            </BasicStmnt>
                                            <BasicStmnt CovItemId="S160" CovItemPrefix="org.jfree.data.test.DataUtilitiesTest.java" Intrnl_Id="247">
                                                <LocList>
                                                    <Loc EndOffset="12693" SrcFileId="1" StartOffset="12672"/>
                                                </LocList>
                                            </BasicStmnt>
                                            <BasicStmnt CovItemId="S161" CovItemPrefix="org.jfree.data.test.DataUtilitiesTest.java" Intrnl_Id="248">
                                                <LocList>
                                                    <Loc EndOffset="12731" SrcFileId="1" StartOffset="12702"/>
                                                </LocList>
                                            </BasicStmnt>
                                            <BasicStmnt CovItemId="S162" CovItemPrefix="org.jfree.data.test.DataUtilitiesTest.java" Intrnl_Id="249">
                                                <LocList>
                                                    <Loc EndOffset="12761" SrcFileId="1" StartOffset="12740"/>
                                                </LocList>
                                            </BasicStmnt>
                                            <BasicStmnt CovItemId="S163" CovItemPrefix="org.jfree.data.test.DataUtilitiesTest.java" Intrnl_Id="250">
                                                <LocList>
                                                    <Loc EndOffset="12828" SrcFileId="1" StartOffset="12797"/>
                                                </LocList>
                                            </BasicStmnt>
                                            <BasicStmnt CovItemId="S164" CovItemPrefix="org.jfree.data.test.DataUtilitiesTest.java" Intrnl_Id="251">
                                                <LocList>
                                                    <Loc EndOffset="12858" SrcFileId="1" StartOffset="12837"/>
                                                </LocList>
                                            </BasicStmnt>
                                            <BasicStmnt CovItemId="S165" CovItemPrefix="org.jfree.data.test.DataUtilitiesTest.java" Intrnl_Id="252">
                                                <LocList>
                                                    <Loc EndOffset="12898" SrcFileId="1" StartOffset="12867"/>
                                                </LocList>
                                            </BasicStmnt>
                                            <BasicStmnt CovItemId="S166" CovItemPrefix="org.jfree.data.test.DataUtilitiesTest.java" Intrnl_Id="253">
                                                <LocList>
                                                    <Loc EndOffset="12928" SrcFileId="1" StartOffset="12907"/>
                                                </LocList>
                                            </BasicStmnt>
                                            <BasicStmnt CovItemId="S167" CovItemPrefix="org.jfree.data.test.DataUtilitiesTest.java" Intrnl_Id="254">
                                                <LocList>
                                                    <Loc EndOffset="12968" SrcFileId="1" StartOffset="12937"/>
                                                </LocList>
                                            </BasicStmnt>
                                            <BasicStmnt CovItemId="S168" CovItemPrefix="org.jfree.data.test.DataUtilitiesTest.java" Intrnl_Id="255">
                                                <LocList>
                                                    <Loc EndOffset="12998" SrcFileId="1" StartOffset="12977"/>
                                                </LocList>
                                            </BasicStmnt>
                                            <BasicStmnt CovItemId="S169" CovItemPrefix="org.jfree.data.test.DataUtilitiesTest.java" Intrnl_Id="256">
                                                <LocList>
                                                    <Loc EndOffset="13038" SrcFileId="1" StartOffset="13007"/>
                                                </LocList>
                                            </BasicStmnt>
                                            <BasicStmnt CovItemId="S170" CovItemPrefix="org.jfree.data.test.DataUtilitiesTest.java" Intrnl_Id="257">
                                                <LocList>
                                                    <Loc EndOffset="13068" SrcFileId="1" StartOffset="13047"/>
                                                </LocList>
                                            </BasicStmnt>
                                            <BasicStmnt CovItemId="S171" CovItemPrefix="org.jfree.data.test.DataUtilitiesTest.java" Intrnl_Id="258">
                                                <LocList>
                                                    <Loc EndOffset="13108" SrcFileId="1" StartOffset="13077"/>
                                                </LocList>
                                            </BasicStmnt>
                                            <BasicStmnt CovItemId="S172" CovItemPrefix="org.jfree.data.test.DataUtilitiesTest.java" Intrnl_Id="259">
                                                <LocList>
                                                    <Loc EndOffset="13138" SrcFileId="1" StartOffset="13117"/>
                                                </LocList>
                                            </BasicStmnt>
                                            <BasicStmnt CovItemId="S173" CovItemPrefix="org.jfree.data.test.DataUtilitiesTest.java" Intrnl_Id="260">
                                                <LocList>
                                                    <Loc EndOffset="13178" SrcFileId="1" StartOffset="13147"/>
                                                </LocList>
                                            </BasicStmnt>
                                            <BasicStmnt CovItemId="S174" CovItemPrefix="org.jfree.data.test.DataUtilitiesTest.java" Intrnl_Id="261">
                                                <LocList>
                                                    <Loc EndOffset="13211" SrcFileId="1" StartOffset="13187"/>
                                                </LocList>
                                            </BasicStmnt>
                                        </StmntSeq>
                                    </HierarchyLvl>
                                </HierarchyLvl>
                                <HierarchyLvl HierarchyLvlId="102" HierarchyLvlTypeId="5" Intrnl_Id="262" Name="SizeTwoZeroKey_GetCumulativePercentages">
                                    <Header>
                                        <Loc EndOffset="13810" SrcFileId="1" StartOffset="13749"/>
                                    </Header>
                                    <LocList>
                                        <Loc EndOffset="14999" SrcFileId="1" StartOffset="13749"/>
                                    </LocList>
                                    <StmntSeq Intrnl_Id="263">
                                        <LocList>
                                            <Loc EndOffset="13849" SrcFileId="1" StartOffset="13816"/>
                                            <Loc EndOffset="13908" SrcFileId="1" StartOffset="13853"/>
                                            <Loc EndOffset="13986" SrcFileId="1" StartOffset="13940"/>
                                            <Loc EndOffset="14029" SrcFileId="1" StartOffset="13990"/>
                                            <Loc EndOffset="14074" SrcFileId="1" StartOffset="14057"/>
                                            <Loc EndOffset="14613" SrcFileId="1" StartOffset="14611"/>
                                            <Loc EndOffset="14700" SrcFileId="1" StartOffset="14632"/>
                                            <Loc EndOffset="14804" SrcFileId="1" StartOffset="14704"/>
                                            <Loc EndOffset="14839" SrcFileId="1" StartOffset="14808"/>
                                            <Loc EndOffset="14995" SrcFileId="1" StartOffset="14847"/>
                                        </LocList>
                                        <BasicStmnt CovItemId="S179" CovItemPrefix="org.jfree.data.test.DataUtilitiesTest.java" Intrnl_Id="264">
                                            <LocList>
                                                <Loc EndOffset="13849" SrcFileId="1" StartOffset="13816"/>
                                            </LocList>
                                        </BasicStmnt>
                                        <BasicStmnt CovItemId="S180" CovItemPrefix="org.jfree.data.test.DataUtilitiesTest.java" Intrnl_Id="265">
                                            <LocList>
                                                <Loc EndOffset="13908" SrcFileId="1" StartOffset="13853"/>
                                            </LocList>
                                        </BasicStmnt>
                                        <BasicStmnt CovItemId="S181" CovItemPrefix="org.jfree.data.test.DataUtilitiesTest.java" Intrnl_Id="266">
                                            <LocList>
                                                <Loc EndOffset="13986" SrcFileId="1" StartOffset="13940"/>
                                            </LocList>
                                        </BasicStmnt>
                                        <LoopStmnt CovItemId="S182" CovItemPrefix="org.jfree.data.test.DataUtilitiesTest.java" Intrnl_Id="267" MltplExecId="L4-2" MltplExecPrefix="org.jfree.data.test.DataUtilitiesTest.java" NvrExecId="L4-0" NvrExecPrefix="org.jfree.data.test.DataUtilitiesTest.java" OnceExecutedId="L4-1" OnceExecutedPrefix="org.jfree.data.test.DataUtilitiesTest.java" OptBodyExec="true">
                                            <StmntSeq Intrnl_Id="268">
                                                <LocList>
                                                    <Loc EndOffset="14029" SrcFileId="1" StartOffset="14017"/>
                                                </LocList>
                                                <BasicStmnt CovItemId="S183" CovItemPrefix="org.jfree.data.test.DataUtilitiesTest.java" Intrnl_Id="269">
                                                    <LocList>
                                                        <Loc EndOffset="14029" SrcFileId="1" StartOffset="14017"/>
                                                    </LocList>
                                                </BasicStmnt>
                                            </StmntSeq>
                                            <Keyword EndOffset="13993" SrcFileId="1" StartOffset="13990"/>
                                            <LocList>
                                                <Loc EndOffset="14029" SrcFileId="1" StartOffset="13990"/>
                                            </LocList>
                                            <RootTerm CovItemId="C4" CovItemPrefix="org.jfree.data.test.DataUtilitiesTest.java" Intrnl_Id="270">
                                                <BasicBoolTerm Intrnl_Id="271">
                                                    <LocList>
                                                        <Loc EndOffset="14010" SrcFileId="1" StartOffset="14005"/>
                                                    </LocList>
                                                </BasicBoolTerm>
                                            </RootTerm>
                                        </LoopStmnt>
                                        <BasicStmnt CovItemId="S184" CovItemPrefix="org.jfree.data.test.DataUtilitiesTest.java" Intrnl_Id="272">
                                            <LocList>
                                                <Loc EndOffset="14074" SrcFileId="1" StartOffset="14057"/>
                                                <Loc EndOffset="14613" SrcFileId="1" StartOffset="14611"/>
                                            </LocList>
                                        </BasicStmnt>
                                        <BasicStmnt CovItemId="S195" CovItemPrefix="org.jfree.data.test.DataUtilitiesTest.java" Intrnl_Id="273">
                                            <LocList>
                                                <Loc EndOffset="14700" SrcFileId="1" StartOffset="14632"/>
                                            </LocList>
                                        </BasicStmnt>
                                        <BasicStmnt CovItemId="S196" CovItemPrefix="org.jfree.data.test.DataUtilitiesTest.java" Intrnl_Id="274">
                                            <LocList>
                                                <Loc EndOffset="14804" SrcFileId="1" StartOffset="14704"/>
                                            </LocList>
                                        </BasicStmnt>
                                        <BasicStmnt CovItemId="S197" CovItemPrefix="org.jfree.data.test.DataUtilitiesTest.java" Intrnl_Id="275">
                                            <LocList>
                                                <Loc EndOffset="14839" SrcFileId="1" StartOffset="14808"/>
                                            </LocList>
                                        </BasicStmnt>
                                        <BasicStmnt CovItemId="S198" CovItemPrefix="org.jfree.data.test.DataUtilitiesTest.java" Intrnl_Id="276">
                                            <LocList>
                                                <Loc EndOffset="14995" SrcFileId="1" StartOffset="14847"/>
                                            </LocList>
                                        </BasicStmnt>
                                    </StmntSeq>
                                    <HierarchyLvl HierarchyLvlId="101" HierarchyLvlTypeId="4" Intrnl_Id="277" Name="Expectations">
                                        <Header>
                                            <Loc EndOffset="14092" SrcFileId="1" StartOffset="14078"/>
                                        </Header>
                                        <LocList>
                                            <Loc EndOffset="14611" SrcFileId="1" StartOffset="14074"/>
                                        </LocList>
                                        <StmntSeq Intrnl_Id="278">
                                            <LocList>
                                                <Loc EndOffset="14245" SrcFileId="1" StartOffset="14211"/>
                                                <Loc EndOffset="14275" SrcFileId="1" StartOffset="14254"/>
                                                <Loc EndOffset="14335" SrcFileId="1" StartOffset="14306"/>
                                                <Loc EndOffset="14365" SrcFileId="1" StartOffset="14344"/>
                                                <Loc EndOffset="14403" SrcFileId="1" StartOffset="14374"/>
                                                <Loc EndOffset="14433" SrcFileId="1" StartOffset="14412"/>
                                                <Loc EndOffset="14497" SrcFileId="1" StartOffset="14466"/>
                                                <Loc EndOffset="14527" SrcFileId="1" StartOffset="14506"/>
                                                <Loc EndOffset="14567" SrcFileId="1" StartOffset="14536"/>
                                                <Loc EndOffset="14597" SrcFileId="1" StartOffset="14576"/>
                                            </LocList>
                                            <BasicStmnt CovItemId="S185" CovItemPrefix="org.jfree.data.test.DataUtilitiesTest.java" Intrnl_Id="279">
                                                <LocList>
                                                    <Loc EndOffset="14245" SrcFileId="1" StartOffset="14211"/>
                                                </LocList>
                                            </BasicStmnt>
                                            <BasicStmnt CovItemId="S186" CovItemPrefix="org.jfree.data.test.DataUtilitiesTest.java" Intrnl_Id="280">
                                                <LocList>
                                                    <Loc EndOffset="14275" SrcFileId="1" StartOffset="14254"/>
                                                </LocList>
                                            </BasicStmnt>
                                            <BasicStmnt CovItemId="S187" CovItemPrefix="org.jfree.data.test.DataUtilitiesTest.java" Intrnl_Id="281">
                                                <LocList>
                                                    <Loc EndOffset="14335" SrcFileId="1" StartOffset="14306"/>
                                                </LocList>
                                            </BasicStmnt>
                                            <BasicStmnt CovItemId="S188" CovItemPrefix="org.jfree.data.test.DataUtilitiesTest.java" Intrnl_Id="282">
                                                <LocList>
                                                    <Loc EndOffset="14365" SrcFileId="1" StartOffset="14344"/>
                                                </LocList>
                                            </BasicStmnt>
                                            <BasicStmnt CovItemId="S189" CovItemPrefix="org.jfree.data.test.DataUtilitiesTest.java" Intrnl_Id="283">
                                                <LocList>
                                                    <Loc EndOffset="14403" SrcFileId="1" StartOffset="14374"/>
                                                </LocList>
                                            </BasicStmnt>
                                            <BasicStmnt CovItemId="S190" CovItemPrefix="org.jfree.data.test.DataUtilitiesTest.java" Intrnl_Id="284">
                                                <LocList>
                                                    <Loc EndOffset="14433" SrcFileId="1" StartOffset="14412"/>
                                                </LocList>
                                            </BasicStmnt>
                                            <BasicStmnt CovItemId="S191" CovItemPrefix="org.jfree.data.test.DataUtilitiesTest.java" Intrnl_Id="285">
                                                <LocList>
                                                    <Loc EndOffset="14497" SrcFileId="1" StartOffset="14466"/>
                                                </LocList>
                                            </BasicStmnt>
                                            <BasicStmnt CovItemId="S192" CovItemPrefix="org.jfree.data.test.DataUtilitiesTest.java" Intrnl_Id="286">
                                                <LocList>
                                                    <Loc EndOffset="14527" SrcFileId="1" StartOffset="14506"/>
                                                </LocList>
                                            </BasicStmnt>
                                            <BasicStmnt CovItemId="S193" CovItemPrefix="org.jfree.data.test.DataUtilitiesTest.java" Intrnl_Id="287">
                                                <LocList>
                                                    <Loc EndOffset="14567" SrcFileId="1" StartOffset="14536"/>
                                                </LocList>
                                            </BasicStmnt>
                                            <BasicStmnt CovItemId="S194" CovItemPrefix="org.jfree.data.test.DataUtilitiesTest.java" Intrnl_Id="288">
                                                <LocList>
                                                    <Loc EndOffset="14597" SrcFileId="1" StartOffset="14576"/>
                                                </LocList>
                                            </BasicStmnt>
                                        </StmntSeq>
                                    </HierarchyLvl>
                                </HierarchyLvl>
                                <HierarchyLvl HierarchyLvlId="103" HierarchyLvlTypeId="5" Intrnl_Id="289" Name="NullThrowsException_GetCumulativePercentages">
                                    <Header>
                                        <Loc EndOffset="15116" SrcFileId="1" StartOffset="15005"/>
                                    </Header>
                                    <LocList>
                                        <Loc EndOffset="15190" SrcFileId="1" StartOffset="15005"/>
                                    </LocList>
                                    <StmntSeq Intrnl_Id="290">
                                        <LocList>
                                            <Loc EndOffset="15186" SrcFileId="1" StartOffset="15122"/>
                                        </LocList>
                                        <BasicStmnt CovItemId="S199" CovItemPrefix="org.jfree.data.test.DataUtilitiesTest.java" Intrnl_Id="291">
                                            <LocList>
                                                <Loc EndOffset="15186" SrcFileId="1" StartOffset="15122"/>
                                            </LocList>
                                        </BasicStmnt>
                                    </StmntSeq>
                                </HierarchyLvl>
                                <HierarchyLvl HierarchyLvlId="104" HierarchyLvlTypeId="5" Intrnl_Id="292" Name="tearDown">
                                    <Header>
                                        <Loc EndOffset="15244" SrcFileId="1" StartOffset="15196"/>
                                    </Header>
                                    <LocList>
                                        <Loc EndOffset="15250" SrcFileId="1" StartOffset="15196"/>
                                    </LocList>
                                </HierarchyLvl>
                                <HierarchyLvl HierarchyLvlId="105" HierarchyLvlTypeId="5" Intrnl_Id="293" Name="tearDownAfterClass">
                                    <Header>
                                        <Loc EndOffset="15327" SrcFileId="1" StartOffset="15257"/>
                                    </Header>
                                    <LocList>
                                        <Loc EndOffset="15333" SrcFileId="1" StartOffset="15257"/>
                                    </LocList>
                                </HierarchyLvl>
                            </HierarchyLvl>
                        </HierarchyLvl>
                        <HierarchyLvl HierarchyLvlId="133" HierarchyLvlTypeId="6" Intrnl_Id="294" Name="RangeTest">
                            <Header>
                                <Loc EndOffset="449" SrcFileId="2" StartOffset="427"/>
                            </Header>
                            <LocList>
                                <Loc EndOffset="6762" SrcFileId="2" StartOffset="427"/>
                            </LocList>
                            <HierarchyLvl HierarchyLvlId="107" HierarchyLvlTypeId="5" Intrnl_Id="295" Name="setUpBeforeClass">
                                <Header>
                                    <Loc EndOffset="596" SrcFileId="2" StartOffset="529"/>
                                </Header>
                                <LocList>
                                    <Loc EndOffset="602" SrcFileId="2" StartOffset="529"/>
                                </LocList>
                            </HierarchyLvl>
                            <HierarchyLvl HierarchyLvlId="108" HierarchyLvlTypeId="5" Intrnl_Id="296" Name="setup">
                                <Header>
                                    <Loc EndOffset="654" SrcFileId="2" StartOffset="608"/>
                                </Header>
                                <LocList>
                                    <Loc EndOffset="748" SrcFileId="2" StartOffset="608"/>
                                </LocList>
                                <StmntSeq Intrnl_Id="297">
                                    <LocList>
                                        <Loc EndOffset="685" SrcFileId="2" StartOffset="660"/>
                                        <Loc EndOffset="715" SrcFileId="2" StartOffset="689"/>
                                        <Loc EndOffset="744" SrcFileId="2" StartOffset="719"/>
                                    </LocList>
                                    <BasicStmnt CovItemId="S1" CovItemPrefix="org.jfree.data.RangeTest.java" Intrnl_Id="298">
                                        <LocList>
                                            <Loc EndOffset="685" SrcFileId="2" StartOffset="660"/>
                                        </LocList>
                                    </BasicStmnt>
                                    <BasicStmnt CovItemId="S2" CovItemPrefix="org.jfree.data.RangeTest.java" Intrnl_Id="299">
                                        <LocList>
                                            <Loc EndOffset="715" SrcFileId="2" StartOffset="689"/>
                                        </LocList>
                                    </BasicStmnt>
                                    <BasicStmnt CovItemId="S3" CovItemPrefix="org.jfree.data.RangeTest.java" Intrnl_Id="300">
                                        <LocList>
                                            <Loc EndOffset="744" SrcFileId="2" StartOffset="719"/>
                                        </LocList>
                                    </BasicStmnt>
                                </StmntSeq>
                            </HierarchyLvl>
                            <HierarchyLvl HierarchyLvlId="109" HierarchyLvlTypeId="5" Intrnl_Id="301" Name="CombineOverlappingRanges">
                                <Header>
                                    <Loc EndOffset="880" SrcFileId="2" StartOffset="814"/>
                                </Header>
                                <LocList>
                                    <Loc EndOffset="1106" SrcFileId="2" StartOffset="814"/>
                                </LocList>
                                <StmntSeq Intrnl_Id="302">
                                    <LocList>
                                        <Loc EndOffset="912" SrcFileId="2" StartOffset="885"/>
                                        <Loc EndOffset="944" SrcFileId="2" StartOffset="916"/>
                                        <Loc EndOffset="985" SrcFileId="2" StartOffset="948"/>
                                        <Loc EndOffset="1023" SrcFileId="2" StartOffset="989"/>
                                        <Loc EndOffset="1099" SrcFileId="2" StartOffset="1030"/>
                                    </LocList>
                                    <BasicStmnt CovItemId="S4" CovItemPrefix="org.jfree.data.RangeTest.java" Intrnl_Id="303">
                                        <LocList>
                                            <Loc EndOffset="912" SrcFileId="2" StartOffset="885"/>
                                        </LocList>
                                    </BasicStmnt>
                                    <BasicStmnt CovItemId="S5" CovItemPrefix="org.jfree.data.RangeTest.java" Intrnl_Id="304">
                                        <LocList>
                                            <Loc EndOffset="944" SrcFileId="2" StartOffset="916"/>
                                        </LocList>
                                    </BasicStmnt>
                                    <BasicStmnt CovItemId="S6" CovItemPrefix="org.jfree.data.RangeTest.java" Intrnl_Id="305">
                                        <LocList>
                                            <Loc EndOffset="985" SrcFileId="2" StartOffset="948"/>
                                        </LocList>
                                    </BasicStmnt>
                                    <BasicStmnt CovItemId="S7" CovItemPrefix="org.jfree.data.RangeTest.java" Intrnl_Id="306">
                                        <LocList>
                                            <Loc EndOffset="1023" SrcFileId="2" StartOffset="989"/>
                                        </LocList>
                                    </BasicStmnt>
                                    <BasicStmnt CovItemId="S8" CovItemPrefix="org.jfree.data.RangeTest.java" Intrnl_Id="307">
                                        <LocList>
                                            <Loc EndOffset="1099" SrcFileId="2" StartOffset="1030"/>
                                        </LocList>
                                    </BasicStmnt>
                                </StmntSeq>
                            </HierarchyLvl>
                            <HierarchyLvl HierarchyLvlId="110" HierarchyLvlTypeId="5" Intrnl_Id="308" Name="CombineSubsetRanges">
                                <Header>
                                    <Loc EndOffset="1229" SrcFileId="2" StartOffset="1168"/>
                                </Header>
                                <LocList>
                                    <Loc EndOffset="1452" SrcFileId="2" StartOffset="1168"/>
                                </LocList>
                                <StmntSeq Intrnl_Id="309">
                                    <LocList>
                                        <Loc EndOffset="1261" SrcFileId="2" StartOffset="1234"/>
                                        <Loc EndOffset="1292" SrcFileId="2" StartOffset="1265"/>
                                        <Loc EndOffset="1333" SrcFileId="2" StartOffset="1296"/>
                                        <Loc EndOffset="1370" SrcFileId="2" StartOffset="1337"/>
                                        <Loc EndOffset="1445" SrcFileId="2" StartOffset="1377"/>
                                    </LocList>
                                    <BasicStmnt CovItemId="S9" CovItemPrefix="org.jfree.data.RangeTest.java" Intrnl_Id="310">
                                        <LocList>
                                            <Loc EndOffset="1261" SrcFileId="2" StartOffset="1234"/>
                                        </LocList>
                                    </BasicStmnt>
                                    <BasicStmnt CovItemId="S10" CovItemPrefix="org.jfree.data.RangeTest.java" Intrnl_Id="311">
                                        <LocList>
                                            <Loc EndOffset="1292" SrcFileId="2" StartOffset="1265"/>
                                        </LocList>
                                    </BasicStmnt>
                                    <BasicStmnt CovItemId="S11" CovItemPrefix="org.jfree.data.RangeTest.java" Intrnl_Id="312">
                                        <LocList>
                                            <Loc EndOffset="1333" SrcFileId="2" StartOffset="1296"/>
                                        </LocList>
                                    </BasicStmnt>
                                    <BasicStmnt CovItemId="S12" CovItemPrefix="org.jfree.data.RangeTest.java" Intrnl_Id="313">
                                        <LocList>
                                            <Loc EndOffset="1370" SrcFileId="2" StartOffset="1337"/>
                                        </LocList>
                                    </BasicStmnt>
                                    <BasicStmnt CovItemId="S13" CovItemPrefix="org.jfree.data.RangeTest.java" Intrnl_Id="314">
                                        <LocList>
                                            <Loc EndOffset="1445" SrcFileId="2" StartOffset="1377"/>
                                        </LocList>
                                    </BasicStmnt>
                                </StmntSeq>
                            </HierarchyLvl>
                            <HierarchyLvl HierarchyLvlId="111" HierarchyLvlTypeId="5" Intrnl_Id="315" Name="CombineSeparatedRanges">
                                <Header>
                                    <Loc EndOffset="1578" SrcFileId="2" StartOffset="1514"/>
                                </Header>
                                <LocList>
                                    <Loc EndOffset="1801" SrcFileId="2" StartOffset="1514"/>
                                </LocList>
                                <StmntSeq Intrnl_Id="316">
                                    <LocList>
                                        <Loc EndOffset="1610" SrcFileId="2" StartOffset="1583"/>
                                        <Loc EndOffset="1641" SrcFileId="2" StartOffset="1614"/>
                                        <Loc EndOffset="1682" SrcFileId="2" StartOffset="1645"/>
                                        <Loc EndOffset="1719" SrcFileId="2" StartOffset="1686"/>
                                        <Loc EndOffset="1794" SrcFileId="2" StartOffset="1726"/>
                                    </LocList>
                                    <BasicStmnt CovItemId="S14" CovItemPrefix="org.jfree.data.RangeTest.java" Intrnl_Id="317">
                                        <LocList>
                                            <Loc EndOffset="1610" SrcFileId="2" StartOffset="1583"/>
                                        </LocList>
                                    </BasicStmnt>
                                    <BasicStmnt CovItemId="S15" CovItemPrefix="org.jfree.data.RangeTest.java" Intrnl_Id="318">
                                        <LocList>
                                            <Loc EndOffset="1641" SrcFileId="2" StartOffset="1614"/>
                                        </LocList>
                                    </BasicStmnt>
                                    <BasicStmnt CovItemId="S16" CovItemPrefix="org.jfree.data.RangeTest.java" Intrnl_Id="319">
                                        <LocList>
                                            <Loc EndOffset="1682" SrcFileId="2" StartOffset="1645"/>
                                        </LocList>
                                    </BasicStmnt>
                                    <BasicStmnt CovItemId="S17" CovItemPrefix="org.jfree.data.RangeTest.java" Intrnl_Id="320">
                                        <LocList>
                                            <Loc EndOffset="1719" SrcFileId="2" StartOffset="1686"/>
                                        </LocList>
                                    </BasicStmnt>
                                    <BasicStmnt CovItemId="S18" CovItemPrefix="org.jfree.data.RangeTest.java" Intrnl_Id="321">
                                        <LocList>
                                            <Loc EndOffset="1794" SrcFileId="2" StartOffset="1726"/>
                                        </LocList>
                                    </BasicStmnt>
                                </StmntSeq>
                            </HierarchyLvl>
                            <HierarchyLvl HierarchyLvlId="112" HierarchyLvlTypeId="5" Intrnl_Id="322" Name="CombineAdjacentRanges">
                                <Header>
                                    <Loc EndOffset="1923" SrcFileId="2" StartOffset="1860"/>
                                </Header>
                                <LocList>
                                    <Loc EndOffset="2146" SrcFileId="2" StartOffset="1860"/>
                                </LocList>
                                <StmntSeq Intrnl_Id="323">
                                    <LocList>
                                        <Loc EndOffset="1955" SrcFileId="2" StartOffset="1928"/>
                                        <Loc EndOffset="1986" SrcFileId="2" StartOffset="1959"/>
                                        <Loc EndOffset="2027" SrcFileId="2" StartOffset="1990"/>
                                        <Loc EndOffset="2064" SrcFileId="2" StartOffset="2031"/>
                                        <Loc EndOffset="2139" SrcFileId="2" StartOffset="2071"/>
                                    </LocList>
                                    <BasicStmnt CovItemId="S19" CovItemPrefix="org.jfree.data.RangeTest.java" Intrnl_Id="324">
                                        <LocList>
                                            <Loc EndOffset="1955" SrcFileId="2" StartOffset="1928"/>
                                        </LocList>
                                    </BasicStmnt>
                                    <BasicStmnt CovItemId="S20" CovItemPrefix="org.jfree.data.RangeTest.java" Intrnl_Id="325">
                                        <LocList>
                                            <Loc EndOffset="1986" SrcFileId="2" StartOffset="1959"/>
                                        </LocList>
                                    </BasicStmnt>
                                    <BasicStmnt CovItemId="S21" CovItemPrefix="org.jfree.data.RangeTest.java" Intrnl_Id="326">
                                        <LocList>
                                            <Loc EndOffset="2027" SrcFileId="2" StartOffset="1990"/>
                                        </LocList>
                                    </BasicStmnt>
                                    <BasicStmnt CovItemId="S22" CovItemPrefix="org.jfree.data.RangeTest.java" Intrnl_Id="327">
                                        <LocList>
                                            <Loc EndOffset="2064" SrcFileId="2" StartOffset="2031"/>
                                        </LocList>
                                    </BasicStmnt>
                                    <BasicStmnt CovItemId="S23" CovItemPrefix="org.jfree.data.RangeTest.java" Intrnl_Id="328">
                                        <LocList>
                                            <Loc EndOffset="2139" SrcFileId="2" StartOffset="2071"/>
                                        </LocList>
                                    </BasicStmnt>
                                </StmntSeq>
                            </HierarchyLvl>
                            <HierarchyLvl HierarchyLvlId="113" HierarchyLvlTypeId="5" Intrnl_Id="329" Name="CombinedRangeShouldBeRange1">
                                <Header>
                                    <Loc EndOffset="2224" SrcFileId="2" StartOffset="2155"/>
                                </Header>
                                <LocList>
                                    <Loc EndOffset="2323" SrcFileId="2" StartOffset="2155"/>
                                </LocList>
                                <StmntSeq Intrnl_Id="330">
                                    <LocList>
                                        <Loc EndOffset="2316" SrcFileId="2" StartOffset="2232"/>
                                    </LocList>
                                    <BasicStmnt CovItemId="S24" CovItemPrefix="org.jfree.data.RangeTest.java" Intrnl_Id="331">
                                        <LocList>
                                            <Loc EndOffset="2316" SrcFileId="2" StartOffset="2232"/>
                                        </LocList>
                                    </BasicStmnt>
                                </StmntSeq>
                            </HierarchyLvl>
                            <HierarchyLvl HierarchyLvlId="114" HierarchyLvlTypeId="5" Intrnl_Id="332" Name="CombinedRangeShouldBeRange2">
                                <Header>
                                    <Loc EndOffset="2404" SrcFileId="2" StartOffset="2335"/>
                                </Header>
                                <LocList>
                                    <Loc EndOffset="2502" SrcFileId="2" StartOffset="2335"/>
                                </LocList>
                                <StmntSeq Intrnl_Id="333">
                                    <LocList>
                                        <Loc EndOffset="2495" SrcFileId="2" StartOffset="2412"/>
                                    </LocList>
                                    <BasicStmnt CovItemId="S25" CovItemPrefix="org.jfree.data.RangeTest.java" Intrnl_Id="334">
                                        <LocList>
                                            <Loc EndOffset="2495" SrcFileId="2" StartOffset="2412"/>
                                        </LocList>
                                    </BasicStmnt>
                                </StmntSeq>
                            </HierarchyLvl>
                            <HierarchyLvl HierarchyLvlId="115" HierarchyLvlTypeId="5" Intrnl_Id="335" Name="CombinedRangeShouldBeNull">
                                <Header>
                                    <Loc EndOffset="2581" SrcFileId="2" StartOffset="2514"/>
                                </Header>
                                <LocList>
                                    <Loc EndOffset="2671" SrcFileId="2" StartOffset="2514"/>
                                </LocList>
                                <StmntSeq Intrnl_Id="336">
                                    <LocList>
                                        <Loc EndOffset="2664" SrcFileId="2" StartOffset="2589"/>
                                    </LocList>
                                    <BasicStmnt CovItemId="S26" CovItemPrefix="org.jfree.data.RangeTest.java" Intrnl_Id="337">
                                        <LocList>
                                            <Loc EndOffset="2664" SrcFileId="2" StartOffset="2589"/>
                                        </LocList>
                                    </BasicStmnt>
                                </StmntSeq>
                            </HierarchyLvl>
                            <HierarchyLvl HierarchyLvlId="116" HierarchyLvlTypeId="5" Intrnl_Id="338" Name="ConstrainReturnValueShouldBeLowerBound">
                                <Header>
                                    <Loc EndOffset="2810" SrcFileId="2" StartOffset="2730"/>
                                </Header>
                                <LocList>
                                    <Loc EndOffset="3002" SrcFileId="2" StartOffset="2730"/>
                                </LocList>
                                <StmntSeq Intrnl_Id="339">
                                    <LocList>
                                        <Loc EndOffset="2864" SrcFileId="2" StartOffset="2819"/>
                                        <Loc EndOffset="2995" SrcFileId="2" StartOffset="2871"/>
                                    </LocList>
                                    <BasicStmnt CovItemId="S27" CovItemPrefix="org.jfree.data.RangeTest.java" Intrnl_Id="340">
                                        <LocList>
                                            <Loc EndOffset="2864" SrcFileId="2" StartOffset="2819"/>
                                        </LocList>
                                    </BasicStmnt>
                                    <BasicStmnt CovItemId="S28" CovItemPrefix="org.jfree.data.RangeTest.java" Intrnl_Id="341">
                                        <LocList>
                                            <Loc EndOffset="2995" SrcFileId="2" StartOffset="2871"/>
                                        </LocList>
                                    </BasicStmnt>
                                </StmntSeq>
                            </HierarchyLvl>
                            <HierarchyLvl HierarchyLvlId="117" HierarchyLvlTypeId="5" Intrnl_Id="342" Name="ConstrainReturnValueShouldBeUpperBound">
                                <Header>
                                    <Loc EndOffset="3094" SrcFileId="2" StartOffset="3014"/>
                                </Header>
                                <LocList>
                                    <Loc EndOffset="3284" SrcFileId="2" StartOffset="3014"/>
                                </LocList>
                                <StmntSeq Intrnl_Id="343">
                                    <LocList>
                                        <Loc EndOffset="3148" SrcFileId="2" StartOffset="3103"/>
                                        <Loc EndOffset="3277" SrcFileId="2" StartOffset="3155"/>
                                    </LocList>
                                    <BasicStmnt CovItemId="S29" CovItemPrefix="org.jfree.data.RangeTest.java" Intrnl_Id="344">
                                        <LocList>
                                            <Loc EndOffset="3148" SrcFileId="2" StartOffset="3103"/>
                                        </LocList>
                                    </BasicStmnt>
                                    <BasicStmnt CovItemId="S30" CovItemPrefix="org.jfree.data.RangeTest.java" Intrnl_Id="345">
                                        <LocList>
                                            <Loc EndOffset="3277" SrcFileId="2" StartOffset="3155"/>
                                        </LocList>
                                    </BasicStmnt>
                                </StmntSeq>
                            </HierarchyLvl>
                            <HierarchyLvl HierarchyLvlId="118" HierarchyLvlTypeId="5" Intrnl_Id="346" Name="ConstrainReturnValueShouldBe5">
                                <Header>
                                    <Loc EndOffset="3367" SrcFileId="2" StartOffset="3296"/>
                                </Header>
                                <LocList>
                                    <Loc EndOffset="3556" SrcFileId="2" StartOffset="3296"/>
                                </LocList>
                                <StmntSeq Intrnl_Id="347">
                                    <LocList>
                                        <Loc EndOffset="3420" SrcFileId="2" StartOffset="3376"/>
                                        <Loc EndOffset="3549" SrcFileId="2" StartOffset="3427"/>
                                    </LocList>
                                    <BasicStmnt CovItemId="S31" CovItemPrefix="org.jfree.data.RangeTest.java" Intrnl_Id="348">
                                        <LocList>
                                            <Loc EndOffset="3420" SrcFileId="2" StartOffset="3376"/>
                                        </LocList>
                                    </BasicStmnt>
                                    <BasicStmnt CovItemId="S32" CovItemPrefix="org.jfree.data.RangeTest.java" Intrnl_Id="349">
                                        <LocList>
                                            <Loc EndOffset="3549" SrcFileId="2" StartOffset="3427"/>
                                        </LocList>
                                    </BasicStmnt>
                                </StmntSeq>
                            </HierarchyLvl>
                            <HierarchyLvl HierarchyLvlId="119" HierarchyLvlTypeId="5" Intrnl_Id="350" Name="ConstrainReturnValueShouldBe0">
                                <Header>
                                    <Loc EndOffset="3639" SrcFileId="2" StartOffset="3568"/>
                                </Header>
                                <LocList>
                                    <Loc EndOffset="3873" SrcFileId="2" StartOffset="3568"/>
                                </LocList>
                                <StmntSeq Intrnl_Id="351">
                                    <LocList>
                                        <Loc EndOffset="3682" SrcFileId="2" StartOffset="3648"/>
                                        <Loc EndOffset="3737" SrcFileId="2" StartOffset="3689"/>
                                        <Loc EndOffset="3866" SrcFileId="2" StartOffset="3744"/>
                                    </LocList>
                                    <BasicStmnt CovItemId="S33" CovItemPrefix="org.jfree.data.RangeTest.java" Intrnl_Id="352">
                                        <LocList>
                                            <Loc EndOffset="3682" SrcFileId="2" StartOffset="3648"/>
                                        </LocList>
                                    </BasicStmnt>
                                    <BasicStmnt CovItemId="S34" CovItemPrefix="org.jfree.data.RangeTest.java" Intrnl_Id="353">
                                        <LocList>
                                            <Loc EndOffset="3737" SrcFileId="2" StartOffset="3689"/>
                                        </LocList>
                                    </BasicStmnt>
                                    <BasicStmnt CovItemId="S35" CovItemPrefix="org.jfree.data.RangeTest.java" Intrnl_Id="354">
                                        <LocList>
                                            <Loc EndOffset="3866" SrcFileId="2" StartOffset="3744"/>
                                        </LocList>
                                    </BasicStmnt>
                                </StmntSeq>
                            </HierarchyLvl>
                            <HierarchyLvl HierarchyLvlId="120" HierarchyLvlTypeId="5" Intrnl_Id="355" Name="ContainsReturnsTrue">
                                <Header>
                                    <Loc EndOffset="3992" SrcFileId="2" StartOffset="3931"/>
                                </Header>
                                <LocList>
                                    <Loc EndOffset="4094" SrcFileId="2" StartOffset="3931"/>
                                </LocList>
                                <StmntSeq Intrnl_Id="356">
                                    <LocList>
                                        <Loc EndOffset="4087" SrcFileId="2" StartOffset="4001"/>
                                    </LocList>
                                    <BasicStmnt CovItemId="S36" CovItemPrefix="org.jfree.data.RangeTest.java" Intrnl_Id="357">
                                        <LocList>
                                            <Loc EndOffset="4087" SrcFileId="2" StartOffset="4001"/>
                                        </LocList>
                                    </BasicStmnt>
                                </StmntSeq>
                            </HierarchyLvl>
                            <HierarchyLvl HierarchyLvlId="121" HierarchyLvlTypeId="5" Intrnl_Id="358" Name="ContainsReturnsFalse">
                                <Header>
                                    <Loc EndOffset="4168" SrcFileId="2" StartOffset="4106"/>
                                </Header>
                                <LocList>
                                    <Loc EndOffset="4274" SrcFileId="2" StartOffset="4106"/>
                                </LocList>
                                <StmntSeq Intrnl_Id="359">
                                    <LocList>
                                        <Loc EndOffset="4267" SrcFileId="2" StartOffset="4177"/>
                                    </LocList>
                                    <BasicStmnt CovItemId="S37" CovItemPrefix="org.jfree.data.RangeTest.java" Intrnl_Id="360">
                                        <LocList>
                                            <Loc EndOffset="4267" SrcFileId="2" StartOffset="4177"/>
                                        </LocList>
                                    </BasicStmnt>
                                </StmntSeq>
                            </HierarchyLvl>
                            <HierarchyLvl HierarchyLvlId="122" HierarchyLvlTypeId="5" Intrnl_Id="361" Name="ContainsLowerBound">
                                <Header>
                                    <Loc EndOffset="4347" SrcFileId="2" StartOffset="4286"/>
                                </Header>
                                <LocList>
                                    <Loc EndOffset="4451" SrcFileId="2" StartOffset="4286"/>
                                </LocList>
                                <StmntSeq Intrnl_Id="362">
                                    <LocList>
                                        <Loc EndOffset="4444" SrcFileId="2" StartOffset="4356"/>
                                    </LocList>
                                    <BasicStmnt CovItemId="S38" CovItemPrefix="org.jfree.data.RangeTest.java" Intrnl_Id="363">
                                        <LocList>
                                            <Loc EndOffset="4444" SrcFileId="2" StartOffset="4356"/>
                                        </LocList>
                                    </BasicStmnt>
                                </StmntSeq>
                            </HierarchyLvl>
                            <HierarchyLvl HierarchyLvlId="123" HierarchyLvlTypeId="5" Intrnl_Id="364" Name="ContainsUpperBound">
                                <Header>
                                    <Loc EndOffset="4523" SrcFileId="2" StartOffset="4463"/>
                                </Header>
                                <LocList>
                                    <Loc EndOffset="4629" SrcFileId="2" StartOffset="4463"/>
                                </LocList>
                                <StmntSeq Intrnl_Id="365">
                                    <LocList>
                                        <Loc EndOffset="4622" SrcFileId="2" StartOffset="4532"/>
                                    </LocList>
                                    <BasicStmnt CovItemId="S39" CovItemPrefix="org.jfree.data.RangeTest.java" Intrnl_Id="366">
                                        <LocList>
                                            <Loc EndOffset="4622" SrcFileId="2" StartOffset="4532"/>
                                        </LocList>
                                    </BasicStmnt>
                                </StmntSeq>
                            </HierarchyLvl>
                            <HierarchyLvl HierarchyLvlId="124" HierarchyLvlTypeId="5" Intrnl_Id="367" Name="EqualsSameRange">
                                <Header>
                                    <Loc EndOffset="4740" SrcFileId="2" StartOffset="4683"/>
                                </Header>
                                <LocList>
                                    <Loc EndOffset="4906" SrcFileId="2" StartOffset="4683"/>
                                </LocList>
                                <StmntSeq Intrnl_Id="368">
                                    <LocList>
                                        <Loc EndOffset="4784" SrcFileId="2" StartOffset="4749"/>
                                        <Loc EndOffset="4899" SrcFileId="2" StartOffset="4791"/>
                                    </LocList>
                                    <BasicStmnt CovItemId="S40" CovItemPrefix="org.jfree.data.RangeTest.java" Intrnl_Id="369">
                                        <LocList>
                                            <Loc EndOffset="4784" SrcFileId="2" StartOffset="4749"/>
                                        </LocList>
                                    </BasicStmnt>
                                    <BasicStmnt CovItemId="S41" CovItemPrefix="org.jfree.data.RangeTest.java" Intrnl_Id="370">
                                        <LocList>
                                            <Loc EndOffset="4899" SrcFileId="2" StartOffset="4791"/>
                                        </LocList>
                                    </BasicStmnt>
                                </StmntSeq>
                            </HierarchyLvl>
                            <HierarchyLvl HierarchyLvlId="125" HierarchyLvlTypeId="5" Intrnl_Id="371" Name="NotEqualsRange">
                                <Header>
                                    <Loc EndOffset="4974" SrcFileId="2" StartOffset="4918"/>
                                </Header>
                                <LocList>
                                    <Loc EndOffset="5134" SrcFileId="2" StartOffset="4918"/>
                                </LocList>
                                <StmntSeq Intrnl_Id="372">
                                    <LocList>
                                        <Loc EndOffset="5014" SrcFileId="2" StartOffset="4983"/>
                                        <Loc EndOffset="5127" SrcFileId="2" StartOffset="5021"/>
                                    </LocList>
                                    <BasicStmnt CovItemId="S42" CovItemPrefix="org.jfree.data.RangeTest.java" Intrnl_Id="373">
                                        <LocList>
                                            <Loc EndOffset="5014" SrcFileId="2" StartOffset="4983"/>
                                        </LocList>
                                    </BasicStmnt>
                                    <BasicStmnt CovItemId="S43" CovItemPrefix="org.jfree.data.RangeTest.java" Intrnl_Id="374">
                                        <LocList>
                                            <Loc EndOffset="5127" SrcFileId="2" StartOffset="5021"/>
                                        </LocList>
                                    </BasicStmnt>
                                </StmntSeq>
                            </HierarchyLvl>
                            <HierarchyLvl HierarchyLvlId="126" HierarchyLvlTypeId="5" Intrnl_Id="375" Name="EqualsSimilarRangeObject">
                                <Header>
                                    <Loc EndOffset="5212" SrcFileId="2" StartOffset="5146"/>
                                </Header>
                                <LocList>
                                    <Loc EndOffset="5384" SrcFileId="2" StartOffset="5146"/>
                                </LocList>
                                <StmntSeq Intrnl_Id="376">
                                    <LocList>
                                        <Loc EndOffset="5260" SrcFileId="2" StartOffset="5221"/>
                                        <Loc EndOffset="5377" SrcFileId="2" StartOffset="5267"/>
                                    </LocList>
                                    <BasicStmnt CovItemId="S44" CovItemPrefix="org.jfree.data.RangeTest.java" Intrnl_Id="377">
                                        <LocList>
                                            <Loc EndOffset="5260" SrcFileId="2" StartOffset="5221"/>
                                        </LocList>
                                    </BasicStmnt>
                                    <BasicStmnt CovItemId="S45" CovItemPrefix="org.jfree.data.RangeTest.java" Intrnl_Id="378">
                                        <LocList>
                                            <Loc EndOffset="5377" SrcFileId="2" StartOffset="5267"/>
                                        </LocList>
                                    </BasicStmnt>
                                </StmntSeq>
                            </HierarchyLvl>
                            <HierarchyLvl HierarchyLvlId="127" HierarchyLvlTypeId="5" Intrnl_Id="379" Name="ExpandsPercentanges">
                                <Header>
                                    <Loc EndOffset="5540" SrcFileId="2" StartOffset="5479"/>
                                </Header>
                                <LocList>
                                    <Loc EndOffset="5788" SrcFileId="2" StartOffset="5479"/>
                                </LocList>
                                <StmntSeq Intrnl_Id="380">
                                    <LocList>
                                        <Loc EndOffset="5583" SrcFileId="2" StartOffset="5549"/>
                                        <Loc EndOffset="5642" SrcFileId="2" StartOffset="5590"/>
                                        <Loc EndOffset="5686" SrcFileId="2" StartOffset="5649"/>
                                        <Loc EndOffset="5781" SrcFileId="2" StartOffset="5693"/>
                                    </LocList>
                                    <BasicStmnt CovItemId="S46" CovItemPrefix="org.jfree.data.RangeTest.java" Intrnl_Id="381">
                                        <LocList>
                                            <Loc EndOffset="5583" SrcFileId="2" StartOffset="5549"/>
                                        </LocList>
                                    </BasicStmnt>
                                    <BasicStmnt CovItemId="S47" CovItemPrefix="org.jfree.data.RangeTest.java" Intrnl_Id="382">
                                        <LocList>
                                            <Loc EndOffset="5642" SrcFileId="2" StartOffset="5590"/>
                                        </LocList>
                                    </BasicStmnt>
                                    <BasicStmnt CovItemId="S48" CovItemPrefix="org.jfree.data.RangeTest.java" Intrnl_Id="383">
                                        <LocList>
                                            <Loc EndOffset="5686" SrcFileId="2" StartOffset="5649"/>
                                        </LocList>
                                    </BasicStmnt>
                                    <BasicStmnt CovItemId="S49" CovItemPrefix="org.jfree.data.RangeTest.java" Intrnl_Id="384">
                                        <LocList>
                                            <Loc EndOffset="5781" SrcFileId="2" StartOffset="5693"/>
                                        </LocList>
                                    </BasicStmnt>
                                </StmntSeq>
                            </HierarchyLvl>
                            <HierarchyLvl HierarchyLvlId="128" HierarchyLvlTypeId="5" Intrnl_Id="385" Name="ExpandsPercentangesBottom">
                                <Header>
                                    <Loc EndOffset="5867" SrcFileId="2" StartOffset="5800"/>
                                </Header>
                                <LocList>
                                    <Loc EndOffset="6124" SrcFileId="2" StartOffset="5800"/>
                                </LocList>
                                <StmntSeq Intrnl_Id="386">
                                    <LocList>
                                        <Loc EndOffset="5910" SrcFileId="2" StartOffset="5876"/>
                                        <Loc EndOffset="5969" SrcFileId="2" StartOffset="5917"/>
                                        <Loc EndOffset="6013" SrcFileId="2" StartOffset="5976"/>
                                        <Loc EndOffset="6117" SrcFileId="2" StartOffset="6020"/>
                                    </LocList>
                                    <BasicStmnt CovItemId="S50" CovItemPrefix="org.jfree.data.RangeTest.java" Intrnl_Id="387">
                                        <LocList>
                                            <Loc EndOffset="5910" SrcFileId="2" StartOffset="5876"/>
                                        </LocList>
                                    </BasicStmnt>
                                    <BasicStmnt CovItemId="S51" CovItemPrefix="org.jfree.data.RangeTest.java" Intrnl_Id="388">
                                        <LocList>
                                            <Loc EndOffset="5969" SrcFileId="2" StartOffset="5917"/>
                                        </LocList>
                                    </BasicStmnt>
                                    <BasicStmnt CovItemId="S52" CovItemPrefix="org.jfree.data.RangeTest.java" Intrnl_Id="389">
                                        <LocList>
                                            <Loc EndOffset="6013" SrcFileId="2" StartOffset="5976"/>
                                        </LocList>
                                    </BasicStmnt>
                                    <BasicStmnt CovItemId="S53" CovItemPrefix="org.jfree.data.RangeTest.java" Intrnl_Id="390">
                                        <LocList>
                                            <Loc EndOffset="6117" SrcFileId="2" StartOffset="6020"/>
                                        </LocList>
                                    </BasicStmnt>
                                </StmntSeq>
                            </HierarchyLvl>
                            <HierarchyLvl HierarchyLvlId="129" HierarchyLvlTypeId="5" Intrnl_Id="391" Name="ExpandsPercentangesTop">
                                <Header>
                                    <Loc EndOffset="6200" SrcFileId="2" StartOffset="6136"/>
                                </Header>
                                <LocList>
                                    <Loc EndOffset="6457" SrcFileId="2" StartOffset="6136"/>
                                </LocList>
                                <StmntSeq Intrnl_Id="392">
                                    <LocList>
                                        <Loc EndOffset="6243" SrcFileId="2" StartOffset="6209"/>
                                        <Loc EndOffset="6301" SrcFileId="2" StartOffset="6250"/>
                                        <Loc EndOffset="6346" SrcFileId="2" StartOffset="6308"/>
                                        <Loc EndOffset="6450" SrcFileId="2" StartOffset="6353"/>
                                    </LocList>
                                    <BasicStmnt CovItemId="S54" CovItemPrefix="org.jfree.data.RangeTest.java" Intrnl_Id="393">
                                        <LocList>
                                            <Loc EndOffset="6243" SrcFileId="2" StartOffset="6209"/>
                                        </LocList>
                                    </BasicStmnt>
                                    <BasicStmnt CovItemId="S55" CovItemPrefix="org.jfree.data.RangeTest.java" Intrnl_Id="394">
                                        <LocList>
                                            <Loc EndOffset="6301" SrcFileId="2" StartOffset="6250"/>
                                        </LocList>
                                    </BasicStmnt>
                                    <BasicStmnt CovItemId="S56" CovItemPrefix="org.jfree.data.RangeTest.java" Intrnl_Id="395">
                                        <LocList>
                                            <Loc EndOffset="6346" SrcFileId="2" StartOffset="6308"/>
                                        </LocList>
                                    </BasicStmnt>
                                    <BasicStmnt CovItemId="S57" CovItemPrefix="org.jfree.data.RangeTest.java" Intrnl_Id="396">
                                        <LocList>
                                            <Loc EndOffset="6450" SrcFileId="2" StartOffset="6353"/>
                                        </LocList>
                                    </BasicStmnt>
                                </StmntSeq>
                            </HierarchyLvl>
                            <HierarchyLvl HierarchyLvlId="130" HierarchyLvlTypeId="5" Intrnl_Id="397" Name="ExpandThrowsException">
                                <Header>
                                    <Loc EndOffset="6560" SrcFileId="2" StartOffset="6469"/>
                                </Header>
                                <LocList>
                                    <Loc EndOffset="6601" SrcFileId="2" StartOffset="6469"/>
                                </LocList>
                                <StmntSeq Intrnl_Id="398">
                                    <LocList>
                                        <Loc EndOffset="6594" SrcFileId="2" StartOffset="6569"/>
                                    </LocList>
                                    <BasicStmnt CovItemId="S58" CovItemPrefix="org.jfree.data.RangeTest.java" Intrnl_Id="399">
                                        <LocList>
                                            <Loc EndOffset="6594" SrcFileId="2" StartOffset="6569"/>
                                        </LocList>
                                    </BasicStmnt>
                                </StmntSeq>
                            </HierarchyLvl>
                            <HierarchyLvl HierarchyLvlId="131" HierarchyLvlTypeId="5" Intrnl_Id="400" Name="tearDown">
                                <Header>
                                    <Loc EndOffset="6660" SrcFileId="2" StartOffset="6609"/>
                                </Header>
                                <LocList>
                                    <Loc EndOffset="6669" SrcFileId="2" StartOffset="6609"/>
                                </LocList>
                            </HierarchyLvl>
                            <HierarchyLvl HierarchyLvlId="132" HierarchyLvlTypeId="5" Intrnl_Id="401" Name="tearDownAfterClass">
                                <Header>
                                    <Loc EndOffset="6750" SrcFileId="2" StartOffset="6677"/>
                                </Header>
                                <LocList>
                                    <Loc EndOffset="6759" SrcFileId="2" StartOffset="6677"/>
                                </LocList>
                            </HierarchyLvl>
                        </HierarchyLvl>
                    </HierarchyLvl>
                </HierarchyLvl>
            </HierarchyLvl>
        </HierarchyLvl>
    </MASTRoot>
</TestSessionContainer>
